#
# There is insufficient memory for the Java Runtime Environment to continue.
# Native memory allocation (malloc) failed to allocate 1724112 bytes. Error detail: Chunk::new
# Possible reasons:
#   The system is out of physical RAM or swap space
#   This process is running with CompressedOops enabled, and the Java Heap may be blocking the growth of the native heap
# Possible solutions:
#   Reduce memory load on the system
#   Increase physical memory or swap space
#   Check if swap backing store is full
#   Decrease Java heap size (-Xmx/-Xms)
#   Decrease number of Java threads
#   Decrease Java thread stack sizes (-Xss)
#   Set larger code cache with -XX:ReservedCodeCacheSize=
#   JVM is running with Unscaled Compressed Oops mode in which the Java heap is
#     placed in the first 4GB address space. The Java Heap base address is the
#     maximum limit for the native heap growth. Please use -XX:HeapBaseMinAddress
#     to set the Java Heap base and to place the Java Heap above 4GB virtual address.
# This output file may be truncated or incomplete.
#
#  Out of Memory Error (arena.cpp:168), pid=10544, tid=10344
#
# JRE version: OpenJDK Runtime Environment (21.0.10) (build 21.0.10+-14961533-b1163.108)
# Java VM: OpenJDK 64-Bit Server VM (21.0.10+-14961533-b1163.108, mixed mode, tiered, compressed oops, compressed class ptrs, g1 gc, windows-amd64)
# No core dump will be written. Minidumps are not enabled by default on client versions of Windows
#

---------------  S U M M A R Y ------------

Command Line: --add-opens=java.base/java.lang=ALL-UNNAMED --add-opens=java.base/java.lang.invoke=ALL-UNNAMED --add-opens=java.base/java.util=ALL-UNNAMED --add-opens=java.prefs/java.util.prefs=ALL-UNNAMED --add-exports=jdk.compiler/com.sun.tools.javac.api=ALL-UNNAMED --add-exports=jdk.compiler/com.sun.tools.javac.util=ALL-UNNAMED --add-opens=java.base/java.util=ALL-UNNAMED --add-opens=java.prefs/java.util.prefs=ALL-UNNAMED --add-opens=java.base/java.nio.charset=ALL-UNNAMED --add-opens=java.base/java.net=ALL-UNNAMED --add-opens=java.base/java.util.concurrent=ALL-UNNAMED --add-opens=java.base/java.util.concurrent.atomic=ALL-UNNAMED --add-opens=java.xml/javax.xml.namespace=ALL-UNNAMED --add-opens=java.base/java.time=ALL-UNNAMED -Xmx2048m -Dfile.encoding=UTF-8 -Duser.country=TR -Duser.language=tr -Duser.variant -javaagent:C:\Users\birka\.gradle\wrapper\dists\gradle-9.4.1-bin\arn2x92ynaizyzdaamcbpbhtj\gradle-9.4.1\lib\agents\gradle-instrumentation-agent-9.4.1.jar org.gradle.launcher.daemon.bootstrap.GradleDaemon 9.4.1

Host: AMD Ryzen 5 5600H with Radeon Graphics         , 12 cores, 15G,  Windows 11 , 64 bit Build 26100 (10.0.26100.8246)
Time: Sat May  2 18:00:32 2026 Türkiye Standart Saati elapsed time: 16.784235 seconds (0d 0h 0m 16s)

---------------  T H R E A D  ---------------

Current thread (0x0000019e4ed621f0):  JavaThread "C2 CompilerThread0" daemon [_thread_in_native, id=10344, stack(0x0000005b8cf00000,0x0000005b8d000000) (1024K)]


Current CompileTask:
C2:16784 15125   !   4       org.gradle.internal.operations.DefaultBuildOperationRunner$2::execute (110 bytes)

Stack: [0x0000005b8cf00000,0x0000005b8d000000]
Native frames: (J=compiled Java code, j=interpreted, Vv=VM code, C=native code)
V  [jvm.dll+0x6d78a9]
V  [jvm.dll+0x8665b3]
V  [jvm.dll+0x868bde]
V  [jvm.dll+0x8692c3]
V  [jvm.dll+0x280ee6]
V  [jvm.dll+0xc07cd]
V  [jvm.dll+0xc0d03]
V  [jvm.dll+0x3ba0cb]
V  [jvm.dll+0x385df7]
V  [jvm.dll+0x38526a]
V  [jvm.dll+0x249bd2]
V  [jvm.dll+0x2491a1]
V  [jvm.dll+0x1c76e4]
V  [jvm.dll+0x25891e]
V  [jvm.dll+0x256e66]
V  [jvm.dll+0x3f513e]
V  [jvm.dll+0x80fd28]
V  [jvm.dll+0x6d60fd]
C  [ucrtbase.dll+0x37b0]
C  [KERNEL32.DLL+0x2e8d7]
C  [ntdll.dll+0x8c3fc]


---------------  P R O C E S S  ---------------

Threads class SMR info:
_java_thread_list=0x0000019e642aa620, length=71, elements={
0x0000019e3709ba40, 0x0000019e4ed3d750, 0x0000019e4ed41650, 0x0000019e4ed422d0,
0x0000019e4ed4b130, 0x0000019e4ed4b7a0, 0x0000019e4ed4be10, 0x0000019e4ed4c480,
0x0000019e4ed621f0, 0x0000019e4ed628a0, 0x0000019e4f029240, 0x0000019e57a025b0,
0x0000019e57ca06e0, 0x0000019e57e6da60, 0x0000019e589a30f0, 0x0000019e57bb5660,
0x0000019e5786bd10, 0x0000019e59bc7390, 0x0000019e57c12d30, 0x0000019e57c14770,
0x0000019e57c133c0, 0x0000019e57c13a50, 0x0000019e57c14e00, 0x0000019e57c140e0,
0x0000019e59802ac0, 0x0000019e59801da0, 0x0000019e59803e70, 0x0000019e59801710,
0x0000019e59801080, 0x0000019e59804500, 0x0000019e59803150, 0x0000019e598037e0,
0x0000019e5912e650, 0x0000019e5912b860, 0x0000019e5912dfc0, 0x0000019e5912cc10,
0x0000019e5912bef0, 0x0000019e5912c580, 0x0000019e5912d2a0, 0x0000019e5912d930,
0x0000019e5c6aefc0, 0x0000019e5c6ae2a0, 0x0000019e5c6afce0, 0x0000019e5c6b0370,
0x0000019e5c6b0a00, 0x0000019e5c6b1090, 0x0000019e5c6adc10, 0x0000019e5c6af650,
0x0000019e5c6b1720, 0x0000019e5c6b1db0, 0x0000019e5c6ae930, 0x0000019e5c6b5230,
0x0000019e5c6b4ba0, 0x0000019e5c6b2440, 0x0000019e59708f70, 0x0000019e4f161540,
0x0000019e5a8f6f20, 0x0000019e64305d60, 0x0000019e643063f0, 0x0000019e64302f70,
0x0000019e64306a80, 0x0000019e64303600, 0x0000019e64307110, 0x0000019e64303c90,
0x0000019e64305040, 0x0000019e643077a0, 0x0000019e64307e30, 0x0000019e643049b0,
0x0000019e64309870, 0x0000019e64309f00, 0x0000019e5ba239c0
}

Java Threads: ( => current thread )
  0x0000019e3709ba40 JavaThread "main"                              [_thread_blocked, id=16748, stack(0x0000005b8c000000,0x0000005b8c100000) (1024K)]
  0x0000019e4ed3d750 JavaThread "Common-Cleaner"             daemon [_thread_blocked, id=15576, stack(0x0000005b8c800000,0x0000005b8c900000) (1024K)]
  0x0000019e4ed41650 JavaThread "Reference Handler"          daemon [_thread_blocked, id=23208, stack(0x0000005b8c900000,0x0000005b8ca00000) (1024K)]
  0x0000019e4ed422d0 JavaThread "Finalizer"                  daemon [_thread_blocked, id=21336, stack(0x0000005b8ca00000,0x0000005b8cb00000) (1024K)]
  0x0000019e4ed4b130 JavaThread "Signal Dispatcher"          daemon [_thread_blocked, id=11936, stack(0x0000005b8cb00000,0x0000005b8cc00000) (1024K)]
  0x0000019e4ed4b7a0 JavaThread "Attach Listener"            daemon [_thread_blocked, id=15924, stack(0x0000005b8cc00000,0x0000005b8cd00000) (1024K)]
  0x0000019e4ed4be10 JavaThread "Service Thread"             daemon [_thread_blocked, id=8932, stack(0x0000005b8cd00000,0x0000005b8ce00000) (1024K)]
  0x0000019e4ed4c480 JavaThread "Monitor Deflation Thread"   daemon [_thread_blocked, id=6784, stack(0x0000005b8ce00000,0x0000005b8cf00000) (1024K)]
=>0x0000019e4ed621f0 JavaThread "C2 CompilerThread0"         daemon [_thread_in_native, id=10344, stack(0x0000005b8cf00000,0x0000005b8d000000) (1024K)]
  0x0000019e4ed628a0 JavaThread "C1 CompilerThread0"         daemon [_thread_blocked, id=23224, stack(0x0000005b8d000000,0x0000005b8d100000) (1024K)]
  0x0000019e4f029240 JavaThread "Notification Thread"        daemon [_thread_blocked, id=20500, stack(0x0000005b8d100000,0x0000005b8d200000) (1024K)]
  0x0000019e57a025b0 JavaThread "Daemon health stats"               [_thread_blocked, id=12344, stack(0x0000005b8d800000,0x0000005b8d900000) (1024K)]
  0x0000019e57ca06e0 JavaThread "Incoming local TCP Connector on port 62584"        [_thread_in_native, id=7176, stack(0x0000005b8d900000,0x0000005b8da00000) (1024K)]
  0x0000019e57e6da60 JavaThread "Daemon periodic checks"            [_thread_blocked, id=13372, stack(0x0000005b8da00000,0x0000005b8db00000) (1024K)]
  0x0000019e589a30f0 JavaThread "Daemon"                            [_thread_blocked, id=21352, stack(0x0000005b8db00000,0x0000005b8dc00000) (1024K)]
  0x0000019e57bb5660 JavaThread "Handler for socket connection from /127.0.0.1:62584 to /127.0.0.1:62585"        [_thread_in_native, id=20824, stack(0x0000005b8dc00000,0x0000005b8dd00000) (1024K)]
  0x0000019e5786bd10 JavaThread "Cancel handler"                    [_thread_blocked, id=13024, stack(0x0000005b8e400000,0x0000005b8e500000) (1024K)]
  0x0000019e59bc7390 JavaThread "Daemon worker"                     [_thread_blocked, id=8800, stack(0x0000005b8e500000,0x0000005b8e600000) (1024K)]
  0x0000019e57c12d30 JavaThread "Asynchronous log dispatcher for DefaultDaemonConnection: socket connection from /127.0.0.1:62584 to /127.0.0.1:62585"        [_thread_blocked, id=20460, stack(0x0000005b8e600000,0x0000005b8e700000) (1024K)]
  0x0000019e57c14770 JavaThread "Stdin handler"                     [_thread_blocked, id=10880, stack(0x0000005b8e700000,0x0000005b8e800000) (1024K)]
  0x0000019e57c133c0 JavaThread "Daemon client event forwarder"        [_thread_blocked, id=23816, stack(0x0000005b8e800000,0x0000005b8e900000) (1024K)]
  0x0000019e57c13a50 JavaThread "Cache worker for journal cache (C:\Users\birka\.gradle\caches\journal-1)"        [_thread_blocked, id=9908, stack(0x0000005b8e900000,0x0000005b8ea00000) (1024K)]
  0x0000019e57c14e00 JavaThread "File lock request listener"        [_thread_in_native, id=15864, stack(0x0000005b8ea00000,0x0000005b8eb00000) (1024K)]
  0x0000019e57c140e0 JavaThread "Cache worker for file hash cache (C:\Users\birka\.gradle\caches\9.4.1\fileHashes)"        [_thread_blocked, id=23292, stack(0x0000005b8eb00000,0x0000005b8ec00000) (1024K)]
  0x0000019e59802ac0 JavaThread "Cache worker for file hash cache (C:\Users\birka\AndroidStudioProjects\FinMathAI\.gradle\9.4.1\fileHashes)"        [_thread_blocked, id=21624, stack(0x0000005b8ec00000,0x0000005b8ed00000) (1024K)]
  0x0000019e59801da0 JavaThread "Cache worker for Build Output Cleanup Cache (C:\Users\birka\AndroidStudioProjects\FinMathAI\.gradle\buildOutputCleanup)"        [_thread_blocked, id=12228, stack(0x0000005b8ed00000,0x0000005b8ee00000) (1024K)]
  0x0000019e59803e70 JavaThread "File watcher server"        daemon [_thread_in_native, id=21536, stack(0x0000005b8ee00000,0x0000005b8ef00000) (1024K)]
  0x0000019e59801710 JavaThread "File watcher consumer"      daemon [_thread_blocked, id=8420, stack(0x0000005b8ef00000,0x0000005b8f000000) (1024K)]
  0x0000019e59801080 JavaThread "Cache worker for file content cache (C:\Users\birka\.gradle\caches\9.4.1\fileContent)"        [_thread_blocked, id=6588, stack(0x0000005b8f000000,0x0000005b8f100000) (1024K)]
  0x0000019e59804500 JavaThread "Cache worker for checksums cache (C:\Users\birka\AndroidStudioProjects\FinMathAI\.gradle\9.4.1\checksums)"        [_thread_blocked, id=18044, stack(0x0000005b8f100000,0x0000005b8f200000) (1024K)]
  0x0000019e59803150 JavaThread "Cache worker for cache directory md-supplier (C:\Users\birka\.gradle\caches\9.4.1\md-supplier)"        [_thread_blocked, id=10956, stack(0x0000005b8f200000,0x0000005b8f300000) (1024K)]
  0x0000019e598037e0 JavaThread "Cache worker for cache directory md-rule (C:\Users\birka\.gradle\caches\9.4.1\md-rule)"        [_thread_blocked, id=7280, stack(0x0000005b8f300000,0x0000005b8f400000) (1024K)]
  0x0000019e5912e650 JavaThread "jar transforms"                    [_thread_blocked, id=18396, stack(0x0000005b8f400000,0x0000005b8f500000) (1024K)]
  0x0000019e5912b860 JavaThread "jar transforms Thread 2"           [_thread_blocked, id=9432, stack(0x0000005b8f500000,0x0000005b8f600000) (1024K)]
  0x0000019e5912dfc0 JavaThread "jar transforms Thread 3"           [_thread_blocked, id=4488, stack(0x0000005b8f600000,0x0000005b8f700000) (1024K)]
  0x0000019e5912cc10 JavaThread "Build operations"                  [_thread_blocked, id=20404, stack(0x0000005b8f700000,0x0000005b8f800000) (1024K)]
  0x0000019e5912bef0 JavaThread "Build operations Thread 2"         [_thread_blocked, id=5232, stack(0x0000005b8f800000,0x0000005b8f900000) (1024K)]
  0x0000019e5912c580 JavaThread "Build operations Thread 3"         [_thread_blocked, id=23916, stack(0x0000005b8f900000,0x0000005b8fa00000) (1024K)]
  0x0000019e5912d2a0 JavaThread "Build operations Thread 4"         [_thread_blocked, id=6988, stack(0x0000005b8fa00000,0x0000005b8fb00000) (1024K)]
  0x0000019e5912d930 JavaThread "Build operations Thread 5"         [_thread_blocked, id=9848, stack(0x0000005b8fb00000,0x0000005b8fc00000) (1024K)]
  0x0000019e5c6aefc0 JavaThread "Build operations Thread 6"         [_thread_blocked, id=14712, stack(0x0000005b8fc00000,0x0000005b8fd00000) (1024K)]
  0x0000019e5c6ae2a0 JavaThread "Build operations Thread 7"         [_thread_blocked, id=22096, stack(0x0000005b8fd00000,0x0000005b8fe00000) (1024K)]
  0x0000019e5c6afce0 JavaThread "Build operations Thread 8"         [_thread_in_native, id=25280, stack(0x0000005b8fe00000,0x0000005b8ff00000) (1024K)]
  0x0000019e5c6b0370 JavaThread "Build operations Thread 9"         [_thread_blocked, id=7452, stack(0x0000005b8ff00000,0x0000005b90000000) (1024K)]
  0x0000019e5c6b0a00 JavaThread "Build operations Thread 10"        [_thread_blocked, id=15796, stack(0x0000005b90000000,0x0000005b90100000) (1024K)]
  0x0000019e5c6b1090 JavaThread "Build operations Thread 11"        [_thread_in_native, id=23072, stack(0x0000005b90100000,0x0000005b90200000) (1024K)]
  0x0000019e5c6adc10 JavaThread "Build operations Thread 12"        [_thread_blocked, id=14776, stack(0x0000005b90200000,0x0000005b90300000) (1024K)]
  0x0000019e5c6af650 JavaThread "jar transforms Thread 4"           [_thread_blocked, id=13444, stack(0x0000005b90300000,0x0000005b90400000) (1024K)]
  0x0000019e5c6b1720 JavaThread "jar transforms Thread 5"           [_thread_blocked, id=8648, stack(0x0000005b90400000,0x0000005b90500000) (1024K)]
  0x0000019e5c6b1db0 JavaThread "jar transforms Thread 6"           [_thread_blocked, id=6508, stack(0x0000005b90500000,0x0000005b90600000) (1024K)]
  0x0000019e5c6ae930 JavaThread "jar transforms Thread 7"           [_thread_blocked, id=12304, stack(0x0000005b90600000,0x0000005b90700000) (1024K)]
  0x0000019e5c6b5230 JavaThread "jar transforms Thread 8"           [_thread_blocked, id=13832, stack(0x0000005b90700000,0x0000005b90800000) (1024K)]
  0x0000019e5c6b4ba0 JavaThread "build event listener"              [_thread_blocked, id=5340, stack(0x0000005b8d300000,0x0000005b8d400000) (1024K)]
  0x0000019e5c6b2440 JavaThread "Memory manager"                    [_thread_blocked, id=20588, stack(0x0000005b90900000,0x0000005b90a00000) (1024K)]
  0x0000019e59708f70 JavaThread "build event listener"              [_thread_blocked, id=24496, stack(0x0000005b90a00000,0x0000005b90b00000) (1024K)]
  0x0000019e4f161540 JavaThread "C2 CompilerThread1"         daemon [_thread_blocked, id=17824, stack(0x0000005b8d200000,0x0000005b8d300000) (1024K)]
  0x0000019e5a8f6f20 JavaThread "C2 CompilerThread2"         daemon [_thread_blocked, id=7212, stack(0x0000005b90800000,0x0000005b90900000) (1024K)]
  0x0000019e64305d60 JavaThread "included builds"                   [_thread_blocked, id=16364, stack(0x0000005b90b00000,0x0000005b90c00000) (1024K)]
  0x0000019e643063f0 JavaThread "Execution worker"                  [_thread_blocked, id=10412, stack(0x0000005b90c00000,0x0000005b90d00000) (1024K)]
  0x0000019e64302f70 JavaThread "Execution worker Thread 2"         [_thread_blocked, id=9568, stack(0x0000005b90d00000,0x0000005b90e00000) (1024K)]
  0x0000019e64306a80 JavaThread "Execution worker Thread 3"         [_thread_blocked, id=976, stack(0x0000005b90e00000,0x0000005b90f00000) (1024K)]
  0x0000019e64303600 JavaThread "Execution worker Thread 4"         [_thread_blocked, id=14780, stack(0x0000005b90f00000,0x0000005b91000000) (1024K)]
  0x0000019e64307110 JavaThread "Execution worker Thread 5"         [_thread_blocked, id=18308, stack(0x0000005b91000000,0x0000005b91100000) (1024K)]
  0x0000019e64303c90 JavaThread "Execution worker Thread 6"         [_thread_blocked, id=16396, stack(0x0000005b91100000,0x0000005b91200000) (1024K)]
  0x0000019e64305040 JavaThread "Execution worker Thread 7"         [_thread_blocked, id=10760, stack(0x0000005b91200000,0x0000005b91300000) (1024K)]
  0x0000019e643077a0 JavaThread "Execution worker Thread 8"         [_thread_blocked, id=8764, stack(0x0000005b91300000,0x0000005b91400000) (1024K)]
  0x0000019e64307e30 JavaThread "Execution worker Thread 9"         [_thread_blocked, id=24808, stack(0x0000005b91400000,0x0000005b91500000) (1024K)]
  0x0000019e643049b0 JavaThread "Execution worker Thread 10"        [_thread_blocked, id=6452, stack(0x0000005b91500000,0x0000005b91600000) (1024K)]
  0x0000019e64309870 JavaThread "Execution worker Thread 11"        [_thread_blocked, id=22700, stack(0x0000005b91600000,0x0000005b91700000) (1024K)]
  0x0000019e64309f00 JavaThread "Cache worker for execution history cache (C:\Users\birka\AndroidStudioProjects\FinMathAI\.gradle\9.4.1\executionHistory)"        [_thread_blocked, id=20068, stack(0x0000005b91700000,0x0000005b91800000) (1024K)]
  0x0000019e5ba239c0 JavaThread "WorkerExecutor Queue"              [_thread_blocked, id=24228, stack(0x0000005b91800000,0x0000005b91900000) (1024K)]
Total: 71

Other Threads:
  0x0000019e4ecbd340 VMThread "VM Thread"                           [id=24340, stack(0x0000005b8c700000,0x0000005b8c800000) (1024K)]
  0x0000019e4ecb09d0 WatcherThread "VM Periodic Task Thread"        [id=2976, stack(0x0000005b8c600000,0x0000005b8c700000) (1024K)]
  0x0000019e370f3c90 WorkerThread "GC Thread#0"                     [id=9620, stack(0x0000005b8c100000,0x0000005b8c200000) (1024K)]
  0x0000019e577739c0 WorkerThread "GC Thread#1"                     [id=4220, stack(0x0000005b8d400000,0x0000005b8d500000) (1024K)]
  0x0000019e4f678620 WorkerThread "GC Thread#2"                     [id=5672, stack(0x0000005b8d500000,0x0000005b8d600000) (1024K)]
  0x0000019e57519dc0 WorkerThread "GC Thread#3"                     [id=23312, stack(0x0000005b8d600000,0x0000005b8d700000) (1024K)]
  0x0000019e5751a580 WorkerThread "GC Thread#4"                     [id=24116, stack(0x0000005b8d700000,0x0000005b8d800000) (1024K)]
  0x0000019e5819a320 WorkerThread "GC Thread#5"                     [id=9580, stack(0x0000005b8dd00000,0x0000005b8de00000) (1024K)]
  0x0000019e593e9180 WorkerThread "GC Thread#6"                     [id=24412, stack(0x0000005b8de00000,0x0000005b8df00000) (1024K)]
  0x0000019e591007c0 WorkerThread "GC Thread#7"                     [id=13224, stack(0x0000005b8df00000,0x0000005b8e000000) (1024K)]
  0x0000019e59101380 WorkerThread "GC Thread#8"                     [id=10832, stack(0x0000005b8e000000,0x0000005b8e100000) (1024K)]
  0x0000019e588f8e80 WorkerThread "GC Thread#9"                     [id=18900, stack(0x0000005b8e100000,0x0000005b8e200000) (1024K)]
  0x0000019e371069e0 ConcurrentGCThread "G1 Main Marker"            [id=10492, stack(0x0000005b8c200000,0x0000005b8c300000) (1024K)]
  0x0000019e37107400 WorkerThread "G1 Conc#0"                       [id=15260, stack(0x0000005b8c300000,0x0000005b8c400000) (1024K)]
  0x0000019e599bff60 WorkerThread "G1 Conc#1"                       [id=12244, stack(0x0000005b8e200000,0x0000005b8e300000) (1024K)]
  0x0000019e599c0310 WorkerThread "G1 Conc#2"                       [id=18724, stack(0x0000005b8e300000,0x0000005b8e400000) (1024K)]
  0x0000019e3715eaa0 ConcurrentGCThread "G1 Refine#0"               [id=10960, stack(0x0000005b8c400000,0x0000005b8c500000) (1024K)]
  0x0000019e4eb07000 ConcurrentGCThread "G1 Service"                [id=9116, stack(0x0000005b8c500000,0x0000005b8c600000) (1024K)]
Total: 18

Threads with active compile tasks:
C2 CompilerThread0  16815 15125   !   4       org.gradle.internal.operations.DefaultBuildOperationRunner$2::execute (110 bytes)
Total: 1

VM state: not at safepoint (normal execution)

VM Mutex/Monitor currently owned by a thread: None

Heap address: 0x0000000080000000, size: 2048 MB, Compressed Oops mode: 32-bit

CDS archive(s) not mapped
Compressed class space mapped at: 0x0000000100000000-0x0000000140000000, reserved size: 1073741824
Narrow klass base: 0x0000000000000000, Narrow klass shift: 3, Narrow klass range: 0x140000000

GC Precious Log:
 CardTable entry size: 512
 Card Set container configuration: InlinePtr #cards 5 size 8 Array Of Cards #cards 12 size 40 Howl #buckets 4 coarsen threshold 1843 Howl Bitmap #cards 512 size 80 coarsen threshold 460 Card regions per heap region 1 cards per card region 2048
 CPUs: 12 total, 12 available
 Memory: 15724M
 Large Page Support: Disabled
 NUMA Support: Disabled
 Compressed Oops: Enabled (32-bit)
 Heap Region Size: 1M
 Heap Min Capacity: 8M
 Heap Initial Capacity: 246M
 Heap Max Capacity: 2G
 Pre-touch: Disabled
 Parallel Workers: 10
 Concurrent Workers: 3
 Concurrent Refinement Workers: 10
 Periodic GC: Disabled

Heap:
 garbage-first heap   total 313344K, used 222686K [0x0000000080000000, 0x0000000100000000)
  region size 1024K, 43 young (44032K), 13 survivors (13312K)
 Metaspace       used 124169K, committed 126592K, reserved 1179648K
  class space    used 17635K, committed 18816K, reserved 1048576K

Heap Regions: E=young(eden), S=young(survivor), O=old, HS=humongous(starts), HC=humongous(continues), CS=collection set, F=free, TAMS=top-at-mark-start, PB=parsable bottom
|   0|0x0000000080000000, 0x0000000080100000, 0x0000000080100000|100%|HS|  |TAMS 0x0000000080000000| PB 0x0000000080000000| Complete 
|   1|0x0000000080100000, 0x0000000080200000, 0x0000000080200000|100%|HC|  |TAMS 0x0000000080100000| PB 0x0000000080100000| Complete 
|   2|0x0000000080200000, 0x0000000080300000, 0x0000000080300000|100%|HC|  |TAMS 0x0000000080200000| PB 0x0000000080200000| Complete 
|   3|0x0000000080300000, 0x0000000080400000, 0x0000000080400000|100%|HC|  |TAMS 0x0000000080300000| PB 0x0000000080300000| Complete 
|   4|0x0000000080400000, 0x0000000080500000, 0x0000000080500000|100%| O|  |TAMS 0x0000000080400000| PB 0x0000000080400000| Untracked 
|   5|0x0000000080500000, 0x0000000080600000, 0x0000000080600000|100%| O|  |TAMS 0x0000000080500000| PB 0x0000000080500000| Untracked 
|   6|0x0000000080600000, 0x0000000080700000, 0x0000000080700000|100%| O|  |TAMS 0x0000000080600000| PB 0x0000000080600000| Untracked 
|   7|0x0000000080700000, 0x0000000080800000, 0x0000000080800000|100%| O|  |TAMS 0x0000000080700000| PB 0x0000000080700000| Untracked 
|   8|0x0000000080800000, 0x0000000080900000, 0x0000000080900000|100%| O|  |TAMS 0x0000000080800000| PB 0x0000000080800000| Untracked 
|   9|0x0000000080900000, 0x0000000080a00000, 0x0000000080a00000|100%| O|  |TAMS 0x0000000080900000| PB 0x0000000080900000| Untracked 
|  10|0x0000000080a00000, 0x0000000080b00000, 0x0000000080b00000|100%| O|  |TAMS 0x0000000080a00000| PB 0x0000000080a00000| Untracked 
|  11|0x0000000080b00000, 0x0000000080c00000, 0x0000000080c00000|100%|HS|  |TAMS 0x0000000080b00000| PB 0x0000000080b00000| Complete 
|  12|0x0000000080c00000, 0x0000000080d00000, 0x0000000080d00000|100%| O|  |TAMS 0x0000000080c00000| PB 0x0000000080c00000| Untracked 
|  13|0x0000000080d00000, 0x0000000080e00000, 0x0000000080e00000|100%| O|  |TAMS 0x0000000080d00000| PB 0x0000000080d00000| Untracked 
|  14|0x0000000080e00000, 0x0000000080f00000, 0x0000000080f00000|100%| O|  |TAMS 0x0000000080e00000| PB 0x0000000080e00000| Untracked 
|  15|0x0000000080f00000, 0x0000000081000000, 0x0000000081000000|100%| O|  |TAMS 0x0000000080f00000| PB 0x0000000080f00000| Untracked 
|  16|0x0000000081000000, 0x0000000081100000, 0x0000000081100000|100%| O|  |TAMS 0x0000000081000000| PB 0x0000000081000000| Untracked 
|  17|0x0000000081100000, 0x0000000081200000, 0x0000000081200000|100%| O|  |TAMS 0x0000000081100000| PB 0x0000000081100000| Untracked 
|  18|0x0000000081200000, 0x0000000081300000, 0x0000000081300000|100%| O|  |TAMS 0x0000000081200000| PB 0x0000000081200000| Untracked 
|  19|0x0000000081300000, 0x0000000081400000, 0x0000000081400000|100%| O|  |TAMS 0x0000000081300000| PB 0x0000000081300000| Untracked 
|  20|0x0000000081400000, 0x0000000081500000, 0x0000000081500000|100%| O|  |TAMS 0x0000000081400000| PB 0x0000000081400000| Untracked 
|  21|0x0000000081500000, 0x0000000081600000, 0x0000000081600000|100%| O|  |TAMS 0x0000000081500000| PB 0x0000000081500000| Untracked 
|  22|0x0000000081600000, 0x0000000081700000, 0x0000000081700000|100%| O|  |TAMS 0x0000000081600000| PB 0x0000000081600000| Untracked 
|  23|0x0000000081700000, 0x0000000081800000, 0x0000000081800000|100%| O|  |TAMS 0x0000000081700000| PB 0x0000000081700000| Untracked 
|  24|0x0000000081800000, 0x0000000081900000, 0x0000000081900000|100%| O|  |TAMS 0x0000000081800000| PB 0x0000000081800000| Untracked 
|  25|0x0000000081900000, 0x0000000081a00000, 0x0000000081a00000|100%| O|  |TAMS 0x0000000081900000| PB 0x0000000081900000| Untracked 
|  26|0x0000000081a00000, 0x0000000081b00000, 0x0000000081b00000|100%| O|  |TAMS 0x0000000081a00000| PB 0x0000000081a00000| Untracked 
|  27|0x0000000081b00000, 0x0000000081c00000, 0x0000000081c00000|100%| O|  |TAMS 0x0000000081b00000| PB 0x0000000081b00000| Untracked 
|  28|0x0000000081c00000, 0x0000000081d00000, 0x0000000081d00000|100%| O|  |TAMS 0x0000000081c00000| PB 0x0000000081c00000| Untracked 
|  29|0x0000000081d00000, 0x0000000081e00000, 0x0000000081e00000|100%| O|  |TAMS 0x0000000081d00000| PB 0x0000000081d00000| Untracked 
|  30|0x0000000081e00000, 0x0000000081f00000, 0x0000000081f00000|100%| O|  |TAMS 0x0000000081e00000| PB 0x0000000081e00000| Untracked 
|  31|0x0000000081f00000, 0x0000000082000000, 0x0000000082000000|100%| O|  |TAMS 0x0000000081f00000| PB 0x0000000081f00000| Untracked 
|  32|0x0000000082000000, 0x0000000082100000, 0x0000000082100000|100%|HS|  |TAMS 0x0000000082000000| PB 0x0000000082000000| Complete 
|  33|0x0000000082100000, 0x0000000082200000, 0x0000000082200000|100%|HC|  |TAMS 0x0000000082100000| PB 0x0000000082100000| Complete 
|  34|0x0000000082200000, 0x0000000082300000, 0x0000000082300000|100%| O|  |TAMS 0x0000000082200000| PB 0x0000000082200000| Untracked 
|  35|0x0000000082300000, 0x0000000082400000, 0x0000000082400000|100%| O|  |TAMS 0x0000000082300000| PB 0x0000000082300000| Untracked 
|  36|0x0000000082400000, 0x0000000082500000, 0x0000000082500000|100%| O|  |TAMS 0x0000000082400000| PB 0x0000000082400000| Untracked 
|  37|0x0000000082500000, 0x0000000082600000, 0x0000000082600000|100%| O|  |TAMS 0x0000000082500000| PB 0x0000000082500000| Untracked 
|  38|0x0000000082600000, 0x0000000082700000, 0x0000000082700000|100%| O|  |TAMS 0x0000000082600000| PB 0x0000000082600000| Untracked 
|  39|0x0000000082700000, 0x0000000082800000, 0x0000000082800000|100%| O|  |TAMS 0x0000000082700000| PB 0x0000000082700000| Untracked 
|  40|0x0000000082800000, 0x0000000082900000, 0x0000000082900000|100%| O|  |TAMS 0x0000000082800000| PB 0x0000000082800000| Untracked 
|  41|0x0000000082900000, 0x0000000082a00000, 0x0000000082a00000|100%| O|  |TAMS 0x0000000082900000| PB 0x0000000082900000| Untracked 
|  42|0x0000000082a00000, 0x0000000082b00000, 0x0000000082b00000|100%| O|  |TAMS 0x0000000082a00000| PB 0x0000000082a00000| Untracked 
|  43|0x0000000082b00000, 0x0000000082c00000, 0x0000000082c00000|100%| O|  |TAMS 0x0000000082b00000| PB 0x0000000082b00000| Untracked 
|  44|0x0000000082c00000, 0x0000000082d00000, 0x0000000082d00000|100%| O|  |TAMS 0x0000000082c00000| PB 0x0000000082c00000| Untracked 
|  45|0x0000000082d00000, 0x0000000082e00000, 0x0000000082e00000|100%|HS|  |TAMS 0x0000000082d00000| PB 0x0000000082d00000| Complete 
|  46|0x0000000082e00000, 0x0000000082f00000, 0x0000000082f00000|100%|HS|  |TAMS 0x0000000082e00000| PB 0x0000000082e00000| Complete 
|  47|0x0000000082f00000, 0x0000000083000000, 0x0000000083000000|100%| O|  |TAMS 0x0000000082f00000| PB 0x0000000082f00000| Untracked 
|  48|0x0000000083000000, 0x0000000083100000, 0x0000000083100000|100%| O|  |TAMS 0x0000000083000000| PB 0x0000000083000000| Untracked 
|  49|0x0000000083100000, 0x0000000083200000, 0x0000000083200000|100%| O|  |TAMS 0x0000000083100000| PB 0x0000000083100000| Untracked 
|  50|0x0000000083200000, 0x0000000083300000, 0x0000000083300000|100%|HS|  |TAMS 0x0000000083200000| PB 0x0000000083200000| Complete 
|  51|0x0000000083300000, 0x0000000083400000, 0x0000000083400000|100%|HC|  |TAMS 0x0000000083300000| PB 0x0000000083300000| Complete 
|  52|0x0000000083400000, 0x0000000083500000, 0x0000000083500000|100%|HS|  |TAMS 0x0000000083400000| PB 0x0000000083400000| Complete 
|  53|0x0000000083500000, 0x0000000083600000, 0x0000000083600000|100%| O|  |TAMS 0x0000000083500000| PB 0x0000000083500000| Untracked 
|  54|0x0000000083600000, 0x0000000083700000, 0x0000000083700000|100%| O|  |TAMS 0x0000000083600000| PB 0x0000000083600000| Untracked 
|  55|0x0000000083700000, 0x0000000083800000, 0x0000000083800000|100%| O|  |TAMS 0x0000000083700000| PB 0x0000000083700000| Untracked 
|  56|0x0000000083800000, 0x0000000083900000, 0x0000000083900000|100%| O|  |TAMS 0x0000000083800000| PB 0x0000000083800000| Untracked 
|  57|0x0000000083900000, 0x0000000083a00000, 0x0000000083a00000|100%|HS|  |TAMS 0x0000000083900000| PB 0x0000000083900000| Complete 
|  58|0x0000000083a00000, 0x0000000083b00000, 0x0000000083b00000|100%|HC|  |TAMS 0x0000000083a00000| PB 0x0000000083a00000| Complete 
|  59|0x0000000083b00000, 0x0000000083c00000, 0x0000000083c00000|100%| O|  |TAMS 0x0000000083b00000| PB 0x0000000083b00000| Untracked 
|  60|0x0000000083c00000, 0x0000000083d00000, 0x0000000083d00000|100%|HS|  |TAMS 0x0000000083c00000| PB 0x0000000083c00000| Complete 
|  61|0x0000000083d00000, 0x0000000083e00000, 0x0000000083e00000|100%| O|  |TAMS 0x0000000083d00000| PB 0x0000000083d00000| Untracked 
|  62|0x0000000083e00000, 0x0000000083f00000, 0x0000000083f00000|100%|HS|  |TAMS 0x0000000083e00000| PB 0x0000000083e00000| Complete 
|  63|0x0000000083f00000, 0x0000000084000000, 0x0000000084000000|100%| O|  |TAMS 0x0000000083f00000| PB 0x0000000083f00000| Untracked 
|  64|0x0000000084000000, 0x0000000084100000, 0x0000000084100000|100%| O|  |TAMS 0x0000000084000000| PB 0x0000000084000000| Untracked 
|  65|0x0000000084100000, 0x0000000084200000, 0x0000000084200000|100%|HS|  |TAMS 0x0000000084100000| PB 0x0000000084100000| Complete 
|  66|0x0000000084200000, 0x0000000084300000, 0x0000000084300000|100%| O|  |TAMS 0x0000000084200000| PB 0x0000000084200000| Untracked 
|  67|0x0000000084300000, 0x0000000084400000, 0x0000000084400000|100%| O|  |TAMS 0x0000000084300000| PB 0x0000000084300000| Untracked 
|  68|0x0000000084400000, 0x0000000084500000, 0x0000000084500000|100%| O|  |TAMS 0x0000000084400000| PB 0x0000000084400000| Untracked 
|  69|0x0000000084500000, 0x0000000084600000, 0x0000000084600000|100%|HS|  |TAMS 0x0000000084500000| PB 0x0000000084500000| Complete 
|  70|0x0000000084600000, 0x0000000084700000, 0x0000000084700000|100%| O|  |TAMS 0x0000000084600000| PB 0x0000000084600000| Untracked 
|  71|0x0000000084700000, 0x0000000084800000, 0x0000000084800000|100%| O|  |TAMS 0x0000000084700000| PB 0x0000000084700000| Untracked 
|  72|0x0000000084800000, 0x0000000084900000, 0x0000000084900000|100%| O|  |TAMS 0x0000000084800000| PB 0x0000000084800000| Untracked 
|  73|0x0000000084900000, 0x0000000084a00000, 0x0000000084a00000|100%| O|  |TAMS 0x0000000084900000| PB 0x0000000084900000| Untracked 
|  74|0x0000000084a00000, 0x0000000084b00000, 0x0000000084b00000|100%| O|  |TAMS 0x0000000084a00000| PB 0x0000000084a00000| Untracked 
|  75|0x0000000084b00000, 0x0000000084c00000, 0x0000000084c00000|100%| O|  |TAMS 0x0000000084b00000| PB 0x0000000084b00000| Untracked 
|  76|0x0000000084c00000, 0x0000000084d00000, 0x0000000084d00000|100%| O|  |TAMS 0x0000000084c00000| PB 0x0000000084c00000| Untracked 
|  77|0x0000000084d00000, 0x0000000084e00000, 0x0000000084e00000|100%| O|  |TAMS 0x0000000084d00000| PB 0x0000000084d00000| Untracked 
|  78|0x0000000084e00000, 0x0000000084f00000, 0x0000000084f00000|100%| O|  |TAMS 0x0000000084e00000| PB 0x0000000084e00000| Untracked 
|  79|0x0000000084f00000, 0x0000000085000000, 0x0000000085000000|100%| O|  |TAMS 0x0000000084f00000| PB 0x0000000084f00000| Untracked 
|  80|0x0000000085000000, 0x0000000085100000, 0x0000000085100000|100%| O|  |TAMS 0x0000000085000000| PB 0x0000000085000000| Untracked 
|  81|0x0000000085100000, 0x0000000085200000, 0x0000000085200000|100%| O|  |TAMS 0x0000000085100000| PB 0x0000000085100000| Untracked 
|  82|0x0000000085200000, 0x0000000085300000, 0x0000000085300000|100%| O|  |TAMS 0x0000000085200000| PB 0x0000000085200000| Untracked 
|  83|0x0000000085300000, 0x0000000085400000, 0x0000000085400000|100%| O|  |TAMS 0x0000000085300000| PB 0x0000000085300000| Untracked 
|  84|0x0000000085400000, 0x0000000085500000, 0x0000000085500000|100%| O|  |TAMS 0x0000000085400000| PB 0x0000000085400000| Untracked 
|  85|0x0000000085500000, 0x0000000085600000, 0x0000000085600000|100%| O|  |TAMS 0x0000000085500000| PB 0x0000000085500000| Untracked 
|  86|0x0000000085600000, 0x0000000085700000, 0x0000000085700000|100%| O|  |TAMS 0x0000000085600000| PB 0x0000000085600000| Untracked 
|  87|0x0000000085700000, 0x0000000085800000, 0x0000000085800000|100%| O|  |TAMS 0x0000000085700000| PB 0x0000000085700000| Untracked 
|  88|0x0000000085800000, 0x0000000085900000, 0x0000000085900000|100%| O|  |TAMS 0x0000000085800000| PB 0x0000000085800000| Untracked 
|  89|0x0000000085900000, 0x0000000085a00000, 0x0000000085a00000|100%| O|  |TAMS 0x0000000085900000| PB 0x0000000085900000| Untracked 
|  90|0x0000000085a00000, 0x0000000085b00000, 0x0000000085b00000|100%| O|  |TAMS 0x0000000085a00000| PB 0x0000000085a00000| Untracked 
|  91|0x0000000085b00000, 0x0000000085c00000, 0x0000000085c00000|100%| O|  |TAMS 0x0000000085b00000| PB 0x0000000085b00000| Untracked 
|  92|0x0000000085c00000, 0x0000000085d00000, 0x0000000085d00000|100%| O|  |TAMS 0x0000000085c00000| PB 0x0000000085c00000| Untracked 
|  93|0x0000000085d00000, 0x0000000085e00000, 0x0000000085e00000|100%| O|  |TAMS 0x0000000085d00000| PB 0x0000000085d00000| Untracked 
|  94|0x0000000085e00000, 0x0000000085f00000, 0x0000000085f00000|100%| O|  |TAMS 0x0000000085e00000| PB 0x0000000085e00000| Untracked 
|  95|0x0000000085f00000, 0x0000000086000000, 0x0000000086000000|100%| O|  |TAMS 0x0000000085f00000| PB 0x0000000085f00000| Untracked 
|  96|0x0000000086000000, 0x0000000086100000, 0x0000000086100000|100%| O|  |TAMS 0x0000000086000000| PB 0x0000000086000000| Untracked 
|  97|0x0000000086100000, 0x0000000086200000, 0x0000000086200000|100%| O|  |TAMS 0x0000000086100000| PB 0x0000000086100000| Untracked 
|  98|0x0000000086200000, 0x0000000086300000, 0x0000000086300000|100%| O|  |TAMS 0x0000000086200000| PB 0x0000000086200000| Untracked 
|  99|0x0000000086300000, 0x0000000086400000, 0x0000000086400000|100%| O|  |TAMS 0x0000000086300000| PB 0x0000000086300000| Untracked 
| 100|0x0000000086400000, 0x0000000086500000, 0x0000000086500000|100%| O|  |TAMS 0x0000000086400000| PB 0x0000000086400000| Untracked 
| 101|0x0000000086500000, 0x0000000086600000, 0x0000000086600000|100%| O|  |TAMS 0x0000000086500000| PB 0x0000000086500000| Untracked 
| 102|0x0000000086600000, 0x0000000086700000, 0x0000000086700000|100%| O|  |TAMS 0x0000000086600000| PB 0x0000000086600000| Untracked 
| 103|0x0000000086700000, 0x0000000086800000, 0x0000000086800000|100%| O|  |TAMS 0x0000000086700000| PB 0x0000000086700000| Untracked 
| 104|0x0000000086800000, 0x0000000086900000, 0x0000000086900000|100%| O|  |TAMS 0x0000000086800000| PB 0x0000000086800000| Untracked 
| 105|0x0000000086900000, 0x0000000086a00000, 0x0000000086a00000|100%| O|  |TAMS 0x0000000086900000| PB 0x0000000086900000| Untracked 
| 106|0x0000000086a00000, 0x0000000086b00000, 0x0000000086b00000|100%| O|  |TAMS 0x0000000086a00000| PB 0x0000000086a00000| Untracked 
| 107|0x0000000086b00000, 0x0000000086c00000, 0x0000000086c00000|100%| O|  |TAMS 0x0000000086b00000| PB 0x0000000086b00000| Untracked 
| 108|0x0000000086c00000, 0x0000000086d00000, 0x0000000086d00000|100%| O|  |TAMS 0x0000000086c00000| PB 0x0000000086c00000| Untracked 
| 109|0x0000000086d00000, 0x0000000086e00000, 0x0000000086e00000|100%| O|  |TAMS 0x0000000086d00000| PB 0x0000000086d00000| Untracked 
| 110|0x0000000086e00000, 0x0000000086f00000, 0x0000000086f00000|100%| O|  |TAMS 0x0000000086e00000| PB 0x0000000086e00000| Untracked 
| 111|0x0000000086f00000, 0x0000000087000000, 0x0000000087000000|100%| O|  |TAMS 0x0000000086f00000| PB 0x0000000086f00000| Untracked 
| 112|0x0000000087000000, 0x0000000087100000, 0x0000000087100000|100%| O|  |TAMS 0x0000000087000000| PB 0x0000000087000000| Untracked 
| 113|0x0000000087100000, 0x0000000087200000, 0x0000000087200000|100%| O|  |TAMS 0x0000000087100000| PB 0x0000000087100000| Untracked 
| 114|0x0000000087200000, 0x0000000087300000, 0x0000000087300000|100%| O|  |TAMS 0x0000000087200000| PB 0x0000000087200000| Untracked 
| 115|0x0000000087300000, 0x0000000087400000, 0x0000000087400000|100%|HS|  |TAMS 0x0000000087300000| PB 0x0000000087300000| Complete 
| 116|0x0000000087400000, 0x0000000087500000, 0x0000000087500000|100%|HC|  |TAMS 0x0000000087400000| PB 0x0000000087400000| Complete 
| 117|0x0000000087500000, 0x0000000087600000, 0x0000000087600000|100%| O|  |TAMS 0x0000000087500000| PB 0x0000000087500000| Untracked 
| 118|0x0000000087600000, 0x0000000087700000, 0x0000000087700000|100%| O|  |TAMS 0x0000000087600000| PB 0x0000000087600000| Untracked 
| 119|0x0000000087700000, 0x0000000087800000, 0x0000000087800000|100%| O|  |TAMS 0x0000000087700000| PB 0x0000000087700000| Untracked 
| 120|0x0000000087800000, 0x0000000087900000, 0x0000000087900000|100%| O|  |TAMS 0x0000000087800000| PB 0x0000000087800000| Untracked 
| 121|0x0000000087900000, 0x0000000087a00000, 0x0000000087a00000|100%| O|  |TAMS 0x0000000087900000| PB 0x0000000087900000| Untracked 
| 122|0x0000000087a00000, 0x0000000087b00000, 0x0000000087b00000|100%| O|  |TAMS 0x0000000087a00000| PB 0x0000000087a00000| Untracked 
| 123|0x0000000087b00000, 0x0000000087c00000, 0x0000000087c00000|100%| O|  |TAMS 0x0000000087b00000| PB 0x0000000087b00000| Untracked 
| 124|0x0000000087c00000, 0x0000000087d00000, 0x0000000087d00000|100%| O|  |TAMS 0x0000000087c00000| PB 0x0000000087c00000| Untracked 
| 125|0x0000000087d00000, 0x0000000087e00000, 0x0000000087e00000|100%| O|  |TAMS 0x0000000087d00000| PB 0x0000000087d00000| Untracked 
| 126|0x0000000087e00000, 0x0000000087f00000, 0x0000000087f00000|100%| O|Cm|TAMS 0x0000000087e00000| PB 0x0000000087e00000| Complete 
| 127|0x0000000087f00000, 0x0000000088000000, 0x0000000088000000|100%| O|  |TAMS 0x0000000087f00000| PB 0x0000000087f00000| Untracked 
| 128|0x0000000088000000, 0x0000000088100000, 0x0000000088100000|100%| O|  |TAMS 0x0000000088000000| PB 0x0000000088000000| Untracked 
| 129|0x0000000088100000, 0x0000000088200000, 0x0000000088200000|100%| O|  |TAMS 0x0000000088100000| PB 0x0000000088100000| Untracked 
| 130|0x0000000088200000, 0x0000000088300000, 0x0000000088300000|100%| O|  |TAMS 0x0000000088200000| PB 0x0000000088200000| Untracked 
| 131|0x0000000088300000, 0x0000000088400000, 0x0000000088400000|100%| O|  |TAMS 0x0000000088300000| PB 0x0000000088300000| Untracked 
| 132|0x0000000088400000, 0x0000000088500000, 0x0000000088500000|100%| O|  |TAMS 0x0000000088400000| PB 0x0000000088400000| Untracked 
| 133|0x0000000088500000, 0x0000000088600000, 0x0000000088600000|100%| O|  |TAMS 0x0000000088500000| PB 0x0000000088500000| Untracked 
| 134|0x0000000088600000, 0x0000000088700000, 0x0000000088700000|100%| O|  |TAMS 0x0000000088600000| PB 0x0000000088600000| Untracked 
| 135|0x0000000088700000, 0x0000000088800000, 0x0000000088800000|100%| O|  |TAMS 0x0000000088700000| PB 0x0000000088700000| Untracked 
| 136|0x0000000088800000, 0x0000000088900000, 0x0000000088900000|100%| O|  |TAMS 0x0000000088800000| PB 0x0000000088800000| Untracked 
| 137|0x0000000088900000, 0x0000000088a00000, 0x0000000088a00000|100%| O|  |TAMS 0x0000000088900000| PB 0x0000000088900000| Untracked 
| 138|0x0000000088a00000, 0x0000000088b00000, 0x0000000088b00000|100%| O|  |TAMS 0x0000000088a00000| PB 0x0000000088a00000| Untracked 
| 139|0x0000000088b00000, 0x0000000088c00000, 0x0000000088c00000|100%| O|  |TAMS 0x0000000088b00000| PB 0x0000000088b00000| Untracked 
| 140|0x0000000088c00000, 0x0000000088d00000, 0x0000000088d00000|100%| O|  |TAMS 0x0000000088c00000| PB 0x0000000088c00000| Untracked 
| 141|0x0000000088d00000, 0x0000000088e00000, 0x0000000088e00000|100%| O|  |TAMS 0x0000000088d00000| PB 0x0000000088d00000| Untracked 
| 142|0x0000000088e00000, 0x0000000088f00000, 0x0000000088f00000|100%| O|  |TAMS 0x0000000088e00000| PB 0x0000000088e00000| Untracked 
| 143|0x0000000088f00000, 0x0000000089000000, 0x0000000089000000|100%| O|  |TAMS 0x0000000088f00000| PB 0x0000000088f00000| Untracked 
| 144|0x0000000089000000, 0x0000000089100000, 0x0000000089100000|100%| O|  |TAMS 0x0000000089000000| PB 0x0000000089000000| Untracked 
| 145|0x0000000089100000, 0x0000000089200000, 0x0000000089200000|100%| O|  |TAMS 0x0000000089100000| PB 0x0000000089100000| Untracked 
| 146|0x0000000089200000, 0x0000000089300000, 0x0000000089300000|100%| O|  |TAMS 0x0000000089200000| PB 0x0000000089200000| Untracked 
| 147|0x0000000089300000, 0x0000000089400000, 0x0000000089400000|100%| O|  |TAMS 0x0000000089300000| PB 0x0000000089300000| Untracked 
| 148|0x0000000089400000, 0x0000000089500000, 0x0000000089500000|100%| O|  |TAMS 0x0000000089400000| PB 0x0000000089400000| Untracked 
| 149|0x0000000089500000, 0x0000000089600000, 0x0000000089600000|100%| O|  |TAMS 0x0000000089500000| PB 0x0000000089500000| Untracked 
| 150|0x0000000089600000, 0x0000000089700000, 0x0000000089700000|100%| O|  |TAMS 0x0000000089600000| PB 0x0000000089600000| Untracked 
| 151|0x0000000089700000, 0x0000000089800000, 0x0000000089800000|100%| O|  |TAMS 0x0000000089700000| PB 0x0000000089700000| Untracked 
| 152|0x0000000089800000, 0x0000000089900000, 0x0000000089900000|100%| O|  |TAMS 0x0000000089800000| PB 0x0000000089800000| Untracked 
| 153|0x0000000089900000, 0x0000000089a00000, 0x0000000089a00000|100%| O|  |TAMS 0x0000000089900000| PB 0x0000000089900000| Untracked 
| 154|0x0000000089a00000, 0x0000000089b00000, 0x0000000089b00000|100%| O|  |TAMS 0x0000000089a00000| PB 0x0000000089a00000| Untracked 
| 155|0x0000000089b00000, 0x0000000089b00000, 0x0000000089c00000|  0%| F|  |TAMS 0x0000000089b00000| PB 0x0000000089b00000| Untracked 
| 156|0x0000000089c00000, 0x0000000089c00000, 0x0000000089d00000|  0%| F|  |TAMS 0x0000000089c00000| PB 0x0000000089c00000| Untracked 
| 157|0x0000000089d00000, 0x0000000089d00000, 0x0000000089e00000|  0%| F|  |TAMS 0x0000000089d00000| PB 0x0000000089d00000| Untracked 
| 158|0x0000000089e00000, 0x0000000089e00000, 0x0000000089f00000|  0%| F|  |TAMS 0x0000000089e00000| PB 0x0000000089e00000| Untracked 
| 159|0x0000000089f00000, 0x0000000089f00000, 0x000000008a000000|  0%| F|  |TAMS 0x0000000089f00000| PB 0x0000000089f00000| Untracked 
| 160|0x000000008a000000, 0x000000008a000000, 0x000000008a100000|  0%| F|  |TAMS 0x000000008a000000| PB 0x000000008a000000| Untracked 
| 161|0x000000008a100000, 0x000000008a100000, 0x000000008a200000|  0%| F|  |TAMS 0x000000008a100000| PB 0x000000008a100000| Untracked 
| 162|0x000000008a200000, 0x000000008a300000, 0x000000008a300000|100%| O|  |TAMS 0x000000008a200000| PB 0x000000008a200000| Untracked 
| 163|0x000000008a300000, 0x000000008a400000, 0x000000008a400000|100%| O|  |TAMS 0x000000008a300000| PB 0x000000008a300000| Untracked 
| 164|0x000000008a400000, 0x000000008a500000, 0x000000008a500000|100%| O|  |TAMS 0x000000008a400000| PB 0x000000008a400000| Untracked 
| 165|0x000000008a500000, 0x000000008a600000, 0x000000008a600000|100%| O|  |TAMS 0x000000008a500000| PB 0x000000008a500000| Untracked 
| 166|0x000000008a600000, 0x000000008a700000, 0x000000008a700000|100%| O|  |TAMS 0x000000008a600000| PB 0x000000008a600000| Untracked 
| 167|0x000000008a700000, 0x000000008a800000, 0x000000008a800000|100%| O|  |TAMS 0x000000008a700000| PB 0x000000008a700000| Untracked 
| 168|0x000000008a800000, 0x000000008a900000, 0x000000008a900000|100%| O|  |TAMS 0x000000008a800000| PB 0x000000008a800000| Untracked 
| 169|0x000000008a900000, 0x000000008aa00000, 0x000000008aa00000|100%| O|  |TAMS 0x000000008a900000| PB 0x000000008a900000| Untracked 
| 170|0x000000008aa00000, 0x000000008aa77a60, 0x000000008ab00000| 46%| O|  |TAMS 0x000000008aa00000| PB 0x000000008aa00000| Untracked 
| 171|0x000000008ab00000, 0x000000008ab00000, 0x000000008ac00000|  0%| F|  |TAMS 0x000000008ab00000| PB 0x000000008ab00000| Untracked 
| 172|0x000000008ac00000, 0x000000008ac00000, 0x000000008ad00000|  0%| F|  |TAMS 0x000000008ac00000| PB 0x000000008ac00000| Untracked 
| 173|0x000000008ad00000, 0x000000008ad00000, 0x000000008ae00000|  0%| F|  |TAMS 0x000000008ad00000| PB 0x000000008ad00000| Untracked 
| 174|0x000000008ae00000, 0x000000008ae00000, 0x000000008af00000|  0%| F|  |TAMS 0x000000008ae00000| PB 0x000000008ae00000| Untracked 
| 175|0x000000008af00000, 0x000000008af00000, 0x000000008b000000|  0%| F|  |TAMS 0x000000008af00000| PB 0x000000008af00000| Untracked 
| 176|0x000000008b000000, 0x000000008b000000, 0x000000008b100000|  0%| F|  |TAMS 0x000000008b000000| PB 0x000000008b000000| Untracked 
| 177|0x000000008b100000, 0x000000008b100000, 0x000000008b200000|  0%| F|  |TAMS 0x000000008b100000| PB 0x000000008b100000| Untracked 
| 178|0x000000008b200000, 0x000000008b200000, 0x000000008b300000|  0%| F|  |TAMS 0x000000008b200000| PB 0x000000008b200000| Untracked 
| 179|0x000000008b300000, 0x000000008b300000, 0x000000008b400000|  0%| F|  |TAMS 0x000000008b300000| PB 0x000000008b300000| Untracked 
| 180|0x000000008b400000, 0x000000008b400000, 0x000000008b500000|  0%| F|  |TAMS 0x000000008b400000| PB 0x000000008b400000| Untracked 
| 181|0x000000008b500000, 0x000000008b500000, 0x000000008b600000|  0%| F|  |TAMS 0x000000008b500000| PB 0x000000008b500000| Untracked 
| 182|0x000000008b600000, 0x000000008b600000, 0x000000008b700000|  0%| F|  |TAMS 0x000000008b600000| PB 0x000000008b600000| Untracked 
| 183|0x000000008b700000, 0x000000008b700000, 0x000000008b800000|  0%| F|  |TAMS 0x000000008b700000| PB 0x000000008b700000| Untracked 
| 184|0x000000008b800000, 0x000000008b800000, 0x000000008b900000|  0%| F|  |TAMS 0x000000008b800000| PB 0x000000008b800000| Untracked 
| 185|0x000000008b900000, 0x000000008b900000, 0x000000008ba00000|  0%| F|  |TAMS 0x000000008b900000| PB 0x000000008b900000| Untracked 
| 186|0x000000008ba00000, 0x000000008ba00000, 0x000000008bb00000|  0%| F|  |TAMS 0x000000008ba00000| PB 0x000000008ba00000| Untracked 
| 187|0x000000008bb00000, 0x000000008bc00000, 0x000000008bc00000|100%| S|CS|TAMS 0x000000008bb00000| PB 0x000000008bb00000| Complete 
| 188|0x000000008bc00000, 0x000000008bd00000, 0x000000008bd00000|100%| S|CS|TAMS 0x000000008bc00000| PB 0x000000008bc00000| Complete 
| 189|0x000000008bd00000, 0x000000008be00000, 0x000000008be00000|100%| S|CS|TAMS 0x000000008bd00000| PB 0x000000008bd00000| Complete 
| 190|0x000000008be00000, 0x000000008bf00000, 0x000000008bf00000|100%| S|CS|TAMS 0x000000008be00000| PB 0x000000008be00000| Complete 
| 191|0x000000008bf00000, 0x000000008c000000, 0x000000008c000000|100%| S|CS|TAMS 0x000000008bf00000| PB 0x000000008bf00000| Complete 
| 192|0x000000008c000000, 0x000000008c100000, 0x000000008c100000|100%| S|CS|TAMS 0x000000008c000000| PB 0x000000008c000000| Complete 
| 193|0x000000008c100000, 0x000000008c200000, 0x000000008c200000|100%| S|CS|TAMS 0x000000008c100000| PB 0x000000008c100000| Complete 
| 194|0x000000008c200000, 0x000000008c300000, 0x000000008c300000|100%| S|CS|TAMS 0x000000008c200000| PB 0x000000008c200000| Complete 
| 195|0x000000008c300000, 0x000000008c400000, 0x000000008c400000|100%| S|CS|TAMS 0x000000008c300000| PB 0x000000008c300000| Complete 
| 196|0x000000008c400000, 0x000000008c500000, 0x000000008c500000|100%| S|CS|TAMS 0x000000008c400000| PB 0x000000008c400000| Complete 
| 197|0x000000008c500000, 0x000000008c600000, 0x000000008c600000|100%| S|CS|TAMS 0x000000008c500000| PB 0x000000008c500000| Complete 
| 198|0x000000008c600000, 0x000000008c700000, 0x000000008c700000|100%| S|CS|TAMS 0x000000008c600000| PB 0x000000008c600000| Complete 
| 199|0x000000008c700000, 0x000000008c800000, 0x000000008c800000|100%| S|CS|TAMS 0x000000008c700000| PB 0x000000008c700000| Complete 
| 200|0x000000008c800000, 0x000000008c800000, 0x000000008c900000|  0%| F|  |TAMS 0x000000008c800000| PB 0x000000008c800000| Untracked 
| 201|0x000000008c900000, 0x000000008c900000, 0x000000008ca00000|  0%| F|  |TAMS 0x000000008c900000| PB 0x000000008c900000| Untracked 
| 202|0x000000008ca00000, 0x000000008ca00000, 0x000000008cb00000|  0%| F|  |TAMS 0x000000008ca00000| PB 0x000000008ca00000| Untracked 
| 203|0x000000008cb00000, 0x000000008cb00000, 0x000000008cc00000|  0%| F|  |TAMS 0x000000008cb00000| PB 0x000000008cb00000| Untracked 
| 204|0x000000008cc00000, 0x000000008cc00000, 0x000000008cd00000|  0%| F|  |TAMS 0x000000008cc00000| PB 0x000000008cc00000| Untracked 
| 205|0x000000008cd00000, 0x000000008cd00000, 0x000000008ce00000|  0%| F|  |TAMS 0x000000008cd00000| PB 0x000000008cd00000| Untracked 
| 206|0x000000008ce00000, 0x000000008ce00000, 0x000000008cf00000|  0%| F|  |TAMS 0x000000008ce00000| PB 0x000000008ce00000| Untracked 
| 207|0x000000008cf00000, 0x000000008cf00000, 0x000000008d000000|  0%| F|  |TAMS 0x000000008cf00000| PB 0x000000008cf00000| Untracked 
| 208|0x000000008d000000, 0x000000008d000000, 0x000000008d100000|  0%| F|  |TAMS 0x000000008d000000| PB 0x000000008d000000| Untracked 
| 209|0x000000008d100000, 0x000000008d100000, 0x000000008d200000|  0%| F|  |TAMS 0x000000008d100000| PB 0x000000008d100000| Untracked 
| 210|0x000000008d200000, 0x000000008d200000, 0x000000008d300000|  0%| F|  |TAMS 0x000000008d200000| PB 0x000000008d200000| Untracked 
| 211|0x000000008d300000, 0x000000008d300000, 0x000000008d400000|  0%| F|  |TAMS 0x000000008d300000| PB 0x000000008d300000| Untracked 
| 212|0x000000008d400000, 0x000000008d400000, 0x000000008d500000|  0%| F|  |TAMS 0x000000008d400000| PB 0x000000008d400000| Untracked 
| 213|0x000000008d500000, 0x000000008d500000, 0x000000008d600000|  0%| F|  |TAMS 0x000000008d500000| PB 0x000000008d500000| Untracked 
| 214|0x000000008d600000, 0x000000008d600000, 0x000000008d700000|  0%| F|  |TAMS 0x000000008d600000| PB 0x000000008d600000| Untracked 
| 215|0x000000008d700000, 0x000000008d700000, 0x000000008d800000|  0%| F|  |TAMS 0x000000008d700000| PB 0x000000008d700000| Untracked 
| 216|0x000000008d800000, 0x000000008d800000, 0x000000008d900000|  0%| F|  |TAMS 0x000000008d800000| PB 0x000000008d800000| Untracked 
| 217|0x000000008d900000, 0x000000008d900000, 0x000000008da00000|  0%| F|  |TAMS 0x000000008d900000| PB 0x000000008d900000| Untracked 
| 218|0x000000008da00000, 0x000000008da00000, 0x000000008db00000|  0%| F|  |TAMS 0x000000008da00000| PB 0x000000008da00000| Untracked 
| 219|0x000000008db00000, 0x000000008db00000, 0x000000008dc00000|  0%| F|  |TAMS 0x000000008db00000| PB 0x000000008db00000| Untracked 
| 220|0x000000008dc00000, 0x000000008dc00000, 0x000000008dd00000|  0%| F|  |TAMS 0x000000008dc00000| PB 0x000000008dc00000| Untracked 
| 221|0x000000008dd00000, 0x000000008dd00000, 0x000000008de00000|  0%| F|  |TAMS 0x000000008dd00000| PB 0x000000008dd00000| Untracked 
| 222|0x000000008de00000, 0x000000008de00000, 0x000000008df00000|  0%| F|  |TAMS 0x000000008de00000| PB 0x000000008de00000| Untracked 
| 223|0x000000008df00000, 0x000000008df00000, 0x000000008e000000|  0%| F|  |TAMS 0x000000008df00000| PB 0x000000008df00000| Untracked 
| 224|0x000000008e000000, 0x000000008e000000, 0x000000008e100000|  0%| F|  |TAMS 0x000000008e000000| PB 0x000000008e000000| Untracked 
| 225|0x000000008e100000, 0x000000008e100000, 0x000000008e200000|  0%| F|  |TAMS 0x000000008e100000| PB 0x000000008e100000| Untracked 
| 226|0x000000008e200000, 0x000000008e200000, 0x000000008e300000|  0%| F|  |TAMS 0x000000008e200000| PB 0x000000008e200000| Untracked 
| 227|0x000000008e300000, 0x000000008e300000, 0x000000008e400000|  0%| F|  |TAMS 0x000000008e300000| PB 0x000000008e300000| Untracked 
| 228|0x000000008e400000, 0x000000008e400000, 0x000000008e500000|  0%| F|  |TAMS 0x000000008e400000| PB 0x000000008e400000| Untracked 
| 229|0x000000008e500000, 0x000000008e500000, 0x000000008e600000|  0%| F|  |TAMS 0x000000008e500000| PB 0x000000008e500000| Untracked 
| 230|0x000000008e600000, 0x000000008e600000, 0x000000008e700000|  0%| F|  |TAMS 0x000000008e600000| PB 0x000000008e600000| Untracked 
| 231|0x000000008e700000, 0x000000008e700000, 0x000000008e800000|  0%| F|  |TAMS 0x000000008e700000| PB 0x000000008e700000| Untracked 
| 232|0x000000008e800000, 0x000000008e800000, 0x000000008e900000|  0%| F|  |TAMS 0x000000008e800000| PB 0x000000008e800000| Untracked 
| 233|0x000000008e900000, 0x000000008e900000, 0x000000008ea00000|  0%| F|  |TAMS 0x000000008e900000| PB 0x000000008e900000| Untracked 
| 234|0x000000008ea00000, 0x000000008ea00000, 0x000000008eb00000|  0%| F|  |TAMS 0x000000008ea00000| PB 0x000000008ea00000| Untracked 
| 235|0x000000008eb00000, 0x000000008eb00000, 0x000000008ec00000|  0%| F|  |TAMS 0x000000008eb00000| PB 0x000000008eb00000| Untracked 
| 236|0x000000008ec00000, 0x000000008ec00000, 0x000000008ed00000|  0%| F|  |TAMS 0x000000008ec00000| PB 0x000000008ec00000| Untracked 
| 237|0x000000008ed00000, 0x000000008ed00000, 0x000000008ee00000|  0%| F|  |TAMS 0x000000008ed00000| PB 0x000000008ed00000| Untracked 
| 238|0x000000008ee00000, 0x000000008ee00000, 0x000000008ef00000|  0%| F|  |TAMS 0x000000008ee00000| PB 0x000000008ee00000| Untracked 
| 239|0x000000008ef00000, 0x000000008ef00000, 0x000000008f000000|  0%| F|  |TAMS 0x000000008ef00000| PB 0x000000008ef00000| Untracked 
| 240|0x000000008f000000, 0x000000008f000000, 0x000000008f100000|  0%| F|  |TAMS 0x000000008f000000| PB 0x000000008f000000| Untracked 
| 241|0x000000008f100000, 0x000000008f100000, 0x000000008f200000|  0%| F|  |TAMS 0x000000008f100000| PB 0x000000008f100000| Untracked 
| 242|0x000000008f200000, 0x000000008f200000, 0x000000008f300000|  0%| F|  |TAMS 0x000000008f200000| PB 0x000000008f200000| Untracked 
| 243|0x000000008f300000, 0x000000008f300000, 0x000000008f400000|  0%| F|  |TAMS 0x000000008f300000| PB 0x000000008f300000| Untracked 
| 244|0x000000008f400000, 0x000000008f400000, 0x000000008f500000|  0%| F|  |TAMS 0x000000008f400000| PB 0x000000008f400000| Untracked 
| 245|0x000000008f500000, 0x000000008f500000, 0x000000008f600000|  0%| F|  |TAMS 0x000000008f500000| PB 0x000000008f500000| Untracked 
| 246|0x000000008f600000, 0x000000008f600000, 0x000000008f700000|  0%| F|  |TAMS 0x000000008f600000| PB 0x000000008f600000| Untracked 
| 247|0x000000008f700000, 0x000000008f700000, 0x000000008f800000|  0%| F|  |TAMS 0x000000008f700000| PB 0x000000008f700000| Untracked 
| 248|0x000000008f800000, 0x000000008f800000, 0x000000008f900000|  0%| F|  |TAMS 0x000000008f800000| PB 0x000000008f800000| Untracked 
| 249|0x000000008f900000, 0x000000008f900000, 0x000000008fa00000|  0%| F|  |TAMS 0x000000008f900000| PB 0x000000008f900000| Untracked 
| 250|0x000000008fa00000, 0x000000008fa00000, 0x000000008fb00000|  0%| F|  |TAMS 0x000000008fa00000| PB 0x000000008fa00000| Untracked 
| 251|0x000000008fb00000, 0x000000008fb00000, 0x000000008fc00000|  0%| F|  |TAMS 0x000000008fb00000| PB 0x000000008fb00000| Untracked 
| 252|0x000000008fc00000, 0x000000008fc00000, 0x000000008fd00000|  0%| F|  |TAMS 0x000000008fc00000| PB 0x000000008fc00000| Untracked 
| 253|0x000000008fd00000, 0x000000008fd00000, 0x000000008fe00000|  0%| F|  |TAMS 0x000000008fd00000| PB 0x000000008fd00000| Untracked 
| 254|0x000000008fe00000, 0x000000008fe00000, 0x000000008ff00000|  0%| F|  |TAMS 0x000000008fe00000| PB 0x000000008fe00000| Untracked 
| 255|0x000000008ff00000, 0x000000008ff00000, 0x0000000090000000|  0%| F|  |TAMS 0x000000008ff00000| PB 0x000000008ff00000| Untracked 
| 256|0x0000000090000000, 0x0000000090000000, 0x0000000090100000|  0%| F|  |TAMS 0x0000000090000000| PB 0x0000000090000000| Untracked 
| 257|0x0000000090100000, 0x0000000090100000, 0x0000000090200000|  0%| F|  |TAMS 0x0000000090100000| PB 0x0000000090100000| Untracked 
| 258|0x0000000090200000, 0x0000000090200000, 0x0000000090300000|  0%| F|  |TAMS 0x0000000090200000| PB 0x0000000090200000| Untracked 
| 259|0x0000000090300000, 0x0000000090386c00, 0x0000000090400000| 52%| E|  |TAMS 0x0000000090300000| PB 0x0000000090300000| Complete 
| 260|0x0000000090400000, 0x0000000090500000, 0x0000000090500000|100%| E|CS|TAMS 0x0000000090400000| PB 0x0000000090400000| Complete 
| 261|0x0000000090500000, 0x0000000090600000, 0x0000000090600000|100%| E|CS|TAMS 0x0000000090500000| PB 0x0000000090500000| Complete 
| 262|0x0000000090600000, 0x0000000090700000, 0x0000000090700000|100%| E|CS|TAMS 0x0000000090600000| PB 0x0000000090600000| Complete 
| 263|0x0000000090700000, 0x0000000090800000, 0x0000000090800000|100%| E|CS|TAMS 0x0000000090700000| PB 0x0000000090700000| Complete 
| 264|0x0000000090800000, 0x0000000090900000, 0x0000000090900000|100%| E|CS|TAMS 0x0000000090800000| PB 0x0000000090800000| Complete 
| 265|0x0000000090900000, 0x0000000090a00000, 0x0000000090a00000|100%| E|CS|TAMS 0x0000000090900000| PB 0x0000000090900000| Complete 
| 266|0x0000000090a00000, 0x0000000090b00000, 0x0000000090b00000|100%| E|  |TAMS 0x0000000090a00000| PB 0x0000000090a00000| Complete 
| 267|0x0000000090b00000, 0x0000000090c00000, 0x0000000090c00000|100%| E|CS|TAMS 0x0000000090b00000| PB 0x0000000090b00000| Complete 
| 268|0x0000000090c00000, 0x0000000090d00000, 0x0000000090d00000|100%| E|CS|TAMS 0x0000000090c00000| PB 0x0000000090c00000| Complete 
| 269|0x0000000090d00000, 0x0000000090e00000, 0x0000000090e00000|100%| E|CS|TAMS 0x0000000090d00000| PB 0x0000000090d00000| Complete 
| 270|0x0000000090e00000, 0x0000000090f00000, 0x0000000090f00000|100%| E|CS|TAMS 0x0000000090e00000| PB 0x0000000090e00000| Complete 
| 271|0x0000000090f00000, 0x0000000091000000, 0x0000000091000000|100%| E|CS|TAMS 0x0000000090f00000| PB 0x0000000090f00000| Complete 
| 272|0x0000000091000000, 0x0000000091100000, 0x0000000091100000|100%| E|CS|TAMS 0x0000000091000000| PB 0x0000000091000000| Complete 
| 273|0x0000000091100000, 0x0000000091200000, 0x0000000091200000|100%| E|CS|TAMS 0x0000000091100000| PB 0x0000000091100000| Complete 
| 274|0x0000000091200000, 0x0000000091300000, 0x0000000091300000|100%| E|CS|TAMS 0x0000000091200000| PB 0x0000000091200000| Complete 
| 275|0x0000000091300000, 0x0000000091400000, 0x0000000091400000|100%| E|CS|TAMS 0x0000000091300000| PB 0x0000000091300000| Complete 
| 276|0x0000000091400000, 0x0000000091500000, 0x0000000091500000|100%| E|CS|TAMS 0x0000000091400000| PB 0x0000000091400000| Complete 
| 277|0x0000000091500000, 0x0000000091600000, 0x0000000091600000|100%| E|CS|TAMS 0x0000000091500000| PB 0x0000000091500000| Complete 
| 278|0x0000000091600000, 0x0000000091700000, 0x0000000091700000|100%| E|CS|TAMS 0x0000000091600000| PB 0x0000000091600000| Complete 
| 279|0x0000000091700000, 0x0000000091800000, 0x0000000091800000|100%| E|CS|TAMS 0x0000000091700000| PB 0x0000000091700000| Complete 
| 280|0x0000000091800000, 0x0000000091900000, 0x0000000091900000|100%| E|CS|TAMS 0x0000000091800000| PB 0x0000000091800000| Complete 
| 281|0x0000000091900000, 0x0000000091a00000, 0x0000000091a00000|100%| E|CS|TAMS 0x0000000091900000| PB 0x0000000091900000| Complete 
| 282|0x0000000091a00000, 0x0000000091b00000, 0x0000000091b00000|100%| E|CS|TAMS 0x0000000091a00000| PB 0x0000000091a00000| Complete 
| 283|0x0000000091b00000, 0x0000000091c00000, 0x0000000091c00000|100%| E|CS|TAMS 0x0000000091b00000| PB 0x0000000091b00000| Complete 
| 284|0x0000000091c00000, 0x0000000091d00000, 0x0000000091d00000|100%| E|CS|TAMS 0x0000000091c00000| PB 0x0000000091c00000| Complete 
| 285|0x0000000091d00000, 0x0000000091e00000, 0x0000000091e00000|100%| E|CS|TAMS 0x0000000091d00000| PB 0x0000000091d00000| Complete 
| 286|0x0000000091e00000, 0x0000000091f00000, 0x0000000091f00000|100%| E|CS|TAMS 0x0000000091e00000| PB 0x0000000091e00000| Complete 
| 287|0x0000000091f00000, 0x0000000092000000, 0x0000000092000000|100%| E|CS|TAMS 0x0000000091f00000| PB 0x0000000091f00000| Complete 
| 288|0x0000000092000000, 0x0000000092100000, 0x0000000092100000|100%| E|CS|TAMS 0x0000000092000000| PB 0x0000000092000000| Complete 
| 289|0x0000000092100000, 0x0000000092200000, 0x0000000092200000|100%| E|CS|TAMS 0x0000000092100000| PB 0x0000000092100000| Complete 
| 290|0x0000000092200000, 0x0000000092300000, 0x0000000092300000|100%| E|CS|TAMS 0x0000000092200000| PB 0x0000000092200000| Complete 
| 291|0x0000000092300000, 0x0000000092400000, 0x0000000092400000|100%| E|CS|TAMS 0x0000000092300000| PB 0x0000000092300000| Complete 
|2034|0x00000000ff200000, 0x00000000ff300000, 0x00000000ff300000|100%| O|  |TAMS 0x00000000ff200000| PB 0x00000000ff200000| Untracked 
|2035|0x00000000ff300000, 0x00000000ff400000, 0x00000000ff400000|100%| O|  |TAMS 0x00000000ff300000| PB 0x00000000ff300000| Untracked 
|2036|0x00000000ff400000, 0x00000000ff500000, 0x00000000ff500000|100%| O|  |TAMS 0x00000000ff400000| PB 0x00000000ff400000| Untracked 
|2037|0x00000000ff500000, 0x00000000ff600000, 0x00000000ff600000|100%| O|  |TAMS 0x00000000ff500000| PB 0x00000000ff500000| Untracked 
|2038|0x00000000ff600000, 0x00000000ff700000, 0x00000000ff700000|100%| O|Cm|TAMS 0x00000000ff600000| PB 0x00000000ff600000| Complete 
|2039|0x00000000ff700000, 0x00000000ff800000, 0x00000000ff800000|100%| O|Cm|TAMS 0x00000000ff700000| PB 0x00000000ff700000| Complete 
|2040|0x00000000ff800000, 0x00000000ff900000, 0x00000000ff900000|100%| O|  |TAMS 0x00000000ff800000| PB 0x00000000ff800000| Untracked 
|2041|0x00000000ff900000, 0x00000000ffa00000, 0x00000000ffa00000|100%| E|CS|TAMS 0x00000000ff900000| PB 0x00000000ff900000| Complete 
|2042|0x00000000ffa00000, 0x00000000ffb00000, 0x00000000ffb00000|100%| O|  |TAMS 0x00000000ffa00000| PB 0x00000000ffa00000| Untracked 
|2043|0x00000000ffb00000, 0x00000000ffc00000, 0x00000000ffc00000|100%| O|  |TAMS 0x00000000ffb00000| PB 0x00000000ffb00000| Untracked 
|2044|0x00000000ffc00000, 0x00000000ffd00000, 0x00000000ffd00000|100%| O|  |TAMS 0x00000000ffc00000| PB 0x00000000ffc00000| Untracked 
|2045|0x00000000ffd00000, 0x00000000ffe00000, 0x00000000ffe00000|100%| O|  |TAMS 0x00000000ffd00000| PB 0x00000000ffd00000| Untracked 
|2046|0x00000000ffe00000, 0x00000000fff00000, 0x00000000fff00000|100%| O|  |TAMS 0x00000000ffe00000| PB 0x00000000ffe00000| Untracked 
|2047|0x00000000fff00000, 0x0000000100000000, 0x0000000100000000|100%| O|  |TAMS 0x00000000fff00000| PB 0x00000000fff00000| Untracked 

Card table byte_map: [0x0000019e49b50000,0x0000019e49f50000] _byte_map_base: 0x0000019e49750000

Marking Bits: (CMBitMap*) 0x0000019e370f42b0
 Bits: [0x0000019e49f50000, 0x0000019e4bf50000)

Polling page: 0x0000019e35060000

Metaspace:

Usage:
  Non-class:    104.09 MB used.
      Class:     17.23 MB used.
       Both:    121.32 MB used.

Virtual space:
  Non-class space:      128.00 MB reserved,     105.25 MB ( 82%) committed,  2 nodes.
      Class space:        1.00 GB reserved,      18.38 MB (  2%) committed,  1 nodes.
             Both:        1.12 GB reserved,     123.62 MB ( 11%) committed. 

Chunk freelists:
   Non-Class:  6.48 MB
       Class:  13.50 MB
        Both:  19.98 MB

MaxMetaspaceSize: unlimited
CompressedClassSpaceSize: 1.00 GB
Initial GC threshold: 21.00 MB
Current GC threshold: 205.00 MB
CDS: off
 - commit_granule_bytes: 65536.
 - commit_granule_words: 8192.
 - virtual_space_node_default_size: 8388608.
 - enlarge_chunks_in_place: 1.
 - use_allocation_guard: 0.


Internal statistics:

num_allocs_failed_limit: 12.
num_arena_births: 4752.
num_arena_deaths: 0.
num_vsnodes_births: 3.
num_vsnodes_deaths: 0.
num_space_committed: 1977.
num_space_uncommitted: 0.
num_chunks_returned_to_freelist: 12.
num_chunks_taken_from_freelist: 10192.
num_chunk_merges: 12.
num_chunk_splits: 6614.
num_chunks_enlarged: 4135.
num_inconsistent_stats: 0.

CodeHeap 'non-profiled nmethods': size=120000Kb used=9087Kb max_used=9087Kb free=110912Kb
 bounds [0x0000019e41cd0000, 0x0000019e425d0000, 0x0000019e49200000]
CodeHeap 'profiled nmethods': size=120000Kb used=21962Kb max_used=23004Kb free=98037Kb
 bounds [0x0000019e3a200000, 0x0000019e3b880000, 0x0000019e41730000]
CodeHeap 'non-nmethods': size=5760Kb used=2020Kb max_used=2082Kb free=3739Kb
 bounds [0x0000019e41730000, 0x0000019e419a0000, 0x0000019e41cd0000]
CodeCache: size=245760Kb, used=33069Kb, max_used=34173Kb, free=212688Kb
 total_blobs=13248, nmethods=12346, adapters=806, full_count=0
Compilation: enabled, stopped_count=0, restarted_count=0

Compilation events (20 events):
Event: 16.729 Thread 0x0000019e4f161540 nmethod 15171 0x0000019e4225f110 code [0x0000019e4225f2e0, 0x0000019e4225f9a8]
Event: 16.729 Thread 0x0000019e4f161540 15172       4       com.android.tools.r8.utils.i$a::a (33 bytes)
Event: 16.736 Thread 0x0000019e4f161540 nmethod 15172 0x0000019e422e3c10 code [0x0000019e422e3de0, 0x0000019e422e44c0]
Event: 16.736 Thread 0x0000019e4f161540 15173       4       com.android.tools.r8.ProgramResource::fromBytes (12 bytes)
Event: 16.740 Thread 0x0000019e4f161540 nmethod 15173 0x0000019e4225ea90 code [0x0000019e4225ec20, 0x0000019e4225f048]
Event: 16.746 Thread 0x0000019e5a8f6f20 nmethod 15170 0x0000019e41fe3910 code [0x0000019e41fe3ba0, 0x0000019e41fe4d78]
Event: 16.754 Thread 0x0000019e4ed628a0 15174       1       java.nio.DirectByteBuffer::cleaner (5 bytes)
Event: 16.754 Thread 0x0000019e4ed628a0 nmethod 15174 0x0000019e4220b990 code [0x0000019e4220bb20, 0x0000019e4220bbe8]
Event: 16.764 Thread 0x0000019e5a8f6f20 15175       4       java.lang.ref.Reference::enqueueFromPending (19 bytes)
Event: 16.764 Thread 0x0000019e4f161540 15176       4       java.lang.ref.ReferenceQueue::poll0 (65 bytes)
Event: 16.766 Thread 0x0000019e4f161540 nmethod 15176 0x0000019e4210d990 code [0x0000019e4210db40, 0x0000019e4210de88]
Event: 16.766 Thread 0x0000019e4f161540 15177   !   4       jdk.internal.ref.PhantomCleanable::isListEmpty (34 bytes)
Event: 16.767 Thread 0x0000019e4f161540 nmethod 15177 0x0000019e42480110 code [0x0000019e424802a0, 0x0000019e424804f0]
Event: 16.767 Thread 0x0000019e4f161540 15178   !   4       java.lang.ref.ReferenceQueue::remove (61 bytes)
Event: 16.777 Thread 0x0000019e4f161540 nmethod 15178 0x0000019e4235ff90 code [0x0000019e423601e0, 0x0000019e42360c10]
Event: 16.777 Thread 0x0000019e4f161540 15179       4       java.lang.ref.ReferenceQueue::remove0 (64 bytes)
Event: 16.778 Thread 0x0000019e4ed628a0 15180       3       java.util.IdentityHashMap::<init> (11 bytes)
Event: 16.778 Thread 0x0000019e4ed628a0 nmethod 15180 0x0000019e3a29a010 code [0x0000019e3a29a1c0, 0x0000019e3a29a4d0]
Event: 16.778 Thread 0x0000019e5a8f6f20 nmethod 15175 0x0000019e4243cb90 code [0x0000019e4243ce40, 0x0000019e4243dfc0]
Event: 16.781 Thread 0x0000019e4f161540 nmethod 15179 0x0000019e42138a10 code [0x0000019e42138c00, 0x0000019e42139090]

GC Heap History (20 events):
Event: 14.629 GC heap before
{Heap before GC invocations=43 (full 0):
 garbage-first heap   total 184320K, used 154486K [0x0000000080000000, 0x0000000100000000)
  region size 1024K, 52 young (53248K), 8 survivors (8192K)
 Metaspace       used 119298K, committed 121728K, reserved 1179648K
  class space    used 17081K, committed 18240K, reserved 1048576K
}
Event: 14.635 GC heap after
{Heap after GC invocations=44 (full 0):
 garbage-first heap   total 184320K, used 116452K [0x0000000080000000, 0x0000000100000000)
  region size 1024K, 6 young (6144K), 6 survivors (6144K)
 Metaspace       used 119298K, committed 121728K, reserved 1179648K
  class space    used 17081K, committed 18240K, reserved 1048576K
}
Event: 14.853 GC heap before
{Heap before GC invocations=44 (full 0):
 garbage-first heap   total 184320K, used 166628K [0x0000000080000000, 0x0000000100000000)
  region size 1024K, 56 young (57344K), 6 survivors (6144K)
 Metaspace       used 119318K, committed 121728K, reserved 1179648K
  class space    used 17081K, committed 18240K, reserved 1048576K
}
Event: 14.858 GC heap after
{Heap after GC invocations=45 (full 0):
 garbage-first heap   total 184320K, used 118643K [0x0000000080000000, 0x0000000100000000)
  region size 1024K, 3 young (3072K), 3 survivors (3072K)
 Metaspace       used 119318K, committed 121728K, reserved 1179648K
  class space    used 17081K, committed 18240K, reserved 1048576K
}
Event: 15.207 GC heap before
{Heap before GC invocations=45 (full 0):
 garbage-first heap   total 184320K, used 168819K [0x0000000080000000, 0x0000000100000000)
  region size 1024K, 53 young (54272K), 3 survivors (3072K)
 Metaspace       used 119792K, committed 122240K, reserved 1179648K
  class space    used 17173K, committed 18368K, reserved 1048576K
}
Event: 15.211 GC heap after
{Heap after GC invocations=46 (full 0):
 garbage-first heap   total 184320K, used 120755K [0x0000000080000000, 0x0000000100000000)
  region size 1024K, 6 young (6144K), 6 survivors (6144K)
 Metaspace       used 119792K, committed 122240K, reserved 1179648K
  class space    used 17173K, committed 18368K, reserved 1048576K
}
Event: 15.583 GC heap before
{Heap before GC invocations=47 (full 0):
 garbage-first heap   total 203776K, used 169907K [0x0000000080000000, 0x0000000100000000)
  region size 1024K, 55 young (56320K), 6 survivors (6144K)
 Metaspace       used 119940K, committed 122368K, reserved 1179648K
  class space    used 17196K, committed 18368K, reserved 1048576K
}
Event: 15.589 GC heap after
{Heap after GC invocations=48 (full 0):
 garbage-first heap   total 203776K, used 122523K [0x0000000080000000, 0x0000000100000000)
  region size 1024K, 5 young (5120K), 5 survivors (5120K)
 Metaspace       used 119940K, committed 122368K, reserved 1179648K
  class space    used 17196K, committed 18368K, reserved 1048576K
}
Event: 16.044 GC heap before
{Heap before GC invocations=48 (full 0):
 garbage-first heap   total 203776K, used 191131K [0x0000000080000000, 0x0000000100000000)
  region size 1024K, 68 young (69632K), 5 survivors (5120K)
 Metaspace       used 122416K, committed 124928K, reserved 1179648K
  class space    used 17384K, committed 18624K, reserved 1048576K
}
Event: 16.050 GC heap after
{Heap after GC invocations=49 (full 0):
 garbage-first heap   total 203776K, used 126664K [0x0000000080000000, 0x0000000100000000)
  region size 1024K, 9 young (9216K), 9 survivors (9216K)
 Metaspace       used 122416K, committed 124928K, reserved 1179648K
  class space    used 17384K, committed 18624K, reserved 1048576K
}
Event: 16.310 GC heap before
{Heap before GC invocations=49 (full 0):
 garbage-first heap   total 203776K, used 185032K [0x0000000080000000, 0x0000000100000000)
  region size 1024K, 68 young (69632K), 9 survivors (9216K)
 Metaspace       used 122689K, committed 125120K, reserved 1179648K
  class space    used 17429K, committed 18624K, reserved 1048576K
}
Event: 16.316 GC heap after
{Heap after GC invocations=50 (full 0):
 garbage-first heap   total 203776K, used 129755K [0x0000000080000000, 0x0000000100000000)
  region size 1024K, 3 young (3072K), 3 survivors (3072K)
 Metaspace       used 122689K, committed 125120K, reserved 1179648K
  class space    used 17429K, committed 18624K, reserved 1048576K
}
Event: 16.481 GC heap before
{Heap before GC invocations=51 (full 0):
 garbage-first heap   total 220160K, used 191195K [0x0000000080000000, 0x0000000100000000)
  region size 1024K, 62 young (63488K), 3 survivors (3072K)
 Metaspace       used 123136K, committed 125568K, reserved 1179648K
  class space    used 17489K, committed 18688K, reserved 1048576K
}
Event: 16.485 GC heap after
{Heap after GC invocations=52 (full 0):
 garbage-first heap   total 220160K, used 144791K [0x0000000080000000, 0x0000000100000000)
  region size 1024K, 8 young (8192K), 8 survivors (8192K)
 Metaspace       used 123136K, committed 125568K, reserved 1179648K
  class space    used 17489K, committed 18688K, reserved 1048576K
}
Event: 16.558 GC heap before
{Heap before GC invocations=52 (full 0):
 garbage-first heap   total 220160K, used 200087K [0x0000000080000000, 0x0000000100000000)
  region size 1024K, 63 young (64512K), 8 survivors (8192K)
 Metaspace       used 123137K, committed 125568K, reserved 1179648K
  class space    used 17489K, committed 18688K, reserved 1048576K
}
Event: 16.564 GC heap after
{Heap after GC invocations=53 (full 0):
 garbage-first heap   total 224256K, used 156713K [0x0000000080000000, 0x0000000100000000)
  region size 1024K, 8 young (8192K), 8 survivors (8192K)
 Metaspace       used 123137K, committed 125568K, reserved 1179648K
  class space    used 17489K, committed 18688K, reserved 1048576K
}
Event: 16.615 GC heap before
{Heap before GC invocations=53 (full 0):
 garbage-first heap   total 224256K, used 203817K [0x0000000080000000, 0x0000000100000000)
  region size 1024K, 55 young (56320K), 8 survivors (8192K)
 Metaspace       used 123145K, committed 125568K, reserved 1179648K
  class space    used 17490K, committed 18688K, reserved 1048576K
}
Event: 16.620 GC heap after
{Heap after GC invocations=54 (full 0):
 garbage-first heap   total 313344K, used 170601K [0x0000000080000000, 0x0000000100000000)
  region size 1024K, 7 young (7168K), 7 survivors (7168K)
 Metaspace       used 123145K, committed 125568K, reserved 1179648K
  class space    used 17490K, committed 18688K, reserved 1048576K
}
Event: 16.757 GC heap before
{Heap before GC invocations=55 (full 0):
 garbage-first heap   total 313344K, used 264809K [0x0000000080000000, 0x0000000100000000)
  region size 1024K, 100 young (102400K), 7 survivors (7168K)
 Metaspace       used 123830K, committed 126208K, reserved 1179648K
  class space    used 17583K, committed 18752K, reserved 1048576K
}
Event: 16.763 GC heap after
{Heap after GC invocations=56 (full 0):
 garbage-first heap   total 313344K, used 194014K [0x0000000080000000, 0x0000000100000000)
  region size 1024K, 13 young (13312K), 13 survivors (13312K)
 Metaspace       used 123830K, committed 126208K, reserved 1179648K
  class space    used 17583K, committed 18752K, reserved 1048576K
}

Dll operation events (3 events):
Event: 0.006 Loaded shared library D:\Yeni klasör\jbr\bin\java.dll
Event: 0.010 Loaded shared library D:\Yeni klasör\jbr\bin\zip.dll
Event: 0.549 Loaded shared library D:\Yeni klasör\jbr\bin\verify.dll

Deoptimization events (20 events):
Event: 16.536 Thread 0x0000019e5c6b0a00 Uncommon trap: trap_request=0xffffffc6 fr.pc=0x0000019e424db0b0 relative=0x0000000000000cb0
Event: 16.536 Thread 0x0000019e5c6b0a00 Uncommon trap: reason=bimorphic_or_optimized_type_check action=maybe_recompile pc=0x0000019e424db0b0 method=org.gradle.internal.snapshot.AbstractListChildMap.withReplacedChild(ILjava/lang/String;Ljava/lang/Object;)Lorg/gradle/internal/snapshot/ChildMap; @
Event: 16.536 Thread 0x0000019e5c6b0a00 DEOPT PACKING pc=0x0000019e424db0b0 sp=0x0000005b900fabd0
Event: 16.536 Thread 0x0000019e5c6b0a00 DEOPT UNPACKING pc=0x0000019e417843a2 sp=0x0000005b900fab88 mode 2
Event: 16.545 Thread 0x0000019e5c6ae2a0 Uncommon trap: trap_request=0xffffffc6 fr.pc=0x0000019e4252117c relative=0x0000000000004b9c
Event: 16.545 Thread 0x0000019e5c6ae2a0 Uncommon trap: reason=bimorphic_or_optimized_type_check action=maybe_recompile pc=0x0000019e4252117c method=org.gradle.internal.snapshot.AbstractStorePathRelationshipHandler.handleAsDescendantOfChild(Lorg/gradle/internal/snapshot/VfsRelativePath;Ljava/lan
Event: 16.545 Thread 0x0000019e5c6ae2a0 DEOPT PACKING pc=0x0000019e4252117c sp=0x0000005b8fdfafb0
Event: 16.545 Thread 0x0000019e5c6ae2a0 DEOPT UNPACKING pc=0x0000019e417843a2 sp=0x0000005b8fdfae60 mode 2
Event: 16.549 Thread 0x0000019e5c6ae2a0 Uncommon trap: trap_request=0xffffff45 fr.pc=0x0000019e422db7e0 relative=0x0000000000000ec0
Event: 16.549 Thread 0x0000019e5c6ae2a0 Uncommon trap: reason=unstable_if action=reinterpret pc=0x0000019e422db7e0 method=com.android.builder.dexing.ClassFileInput.lambda$static$0(Ljava/lang/String;)Z @ 17 c2
Event: 16.549 Thread 0x0000019e5c6ae2a0 DEOPT PACKING pc=0x0000019e422db7e0 sp=0x0000005b8fdfb0c0
Event: 16.549 Thread 0x0000019e5c6ae2a0 DEOPT UNPACKING pc=0x0000019e417843a2 sp=0x0000005b8fdfb038 mode 2
Event: 16.549 Thread 0x0000019e5c6ae2a0 Uncommon trap: trap_request=0xffffff45 fr.pc=0x0000019e421209bc relative=0x0000000000000e9c
Event: 16.549 Thread 0x0000019e5c6ae2a0 Uncommon trap: reason=unstable_if action=reinterpret pc=0x0000019e421209bc method=com.android.builder.dexing.ClassFileInput.lambda$static$0(Ljava/lang/String;)Z @ 17 c2
Event: 16.549 Thread 0x0000019e5c6ae2a0 DEOPT PACKING pc=0x0000019e421209bc sp=0x0000005b8fdfb060
Event: 16.549 Thread 0x0000019e5c6ae2a0 DEOPT UNPACKING pc=0x0000019e417843a2 sp=0x0000005b8fdfb038 mode 2
Event: 16.565 Thread 0x0000019e64307e30 Uncommon trap: trap_request=0xffffff45 fr.pc=0x0000019e41e642a8 relative=0x0000000000000c68
Event: 16.565 Thread 0x0000019e64307e30 Uncommon trap: reason=unstable_if action=reinterpret pc=0x0000019e41e642a8 method=java.util.WeakHashMap.expungeStaleEntries()V @ 53 c2
Event: 16.565 Thread 0x0000019e64307e30 DEOPT PACKING pc=0x0000019e41e642a8 sp=0x0000005b914f7c50
Event: 16.565 Thread 0x0000019e64307e30 DEOPT UNPACKING pc=0x0000019e417843a2 sp=0x0000005b914f7be8 mode 2

Classes loaded (20 events):
Event: 15.837 Loading class org/w3c/dom/CharacterData done
Event: 15.837 Loading class org/w3c/dom/Text
Event: 15.837 Loading class org/w3c/dom/Text done
Event: 15.837 Loading class com/sun/org/apache/xerces/internal/dom/CharacterDataImpl
Event: 15.837 Loading class com/sun/org/apache/xerces/internal/dom/CharacterDataImpl done
Event: 15.837 Loading class com/sun/org/apache/xerces/internal/dom/TextImpl done
Event: 15.837 Loading class com/sun/org/apache/xerces/internal/dom/CharacterDataImpl$1
Event: 15.837 Loading class com/sun/org/apache/xerces/internal/dom/CharacterDataImpl$1 done
Event: 16.306 Loading class sun/nio/fs/Globs
Event: 16.306 Loading class sun/nio/fs/Globs done
Event: 16.306 Loading class java/util/regex/Pattern$SliceU
Event: 16.306 Loading class java/util/regex/Pattern$SliceU done
Event: 16.306 Loading class sun/nio/fs/WindowsFileSystem$2
Event: 16.306 Loading class sun/nio/fs/WindowsFileSystem$2 done
Event: 16.318 Loading class java/util/zip/ZipFile$ZipEntryIterator
Event: 16.318 Loading class java/util/zip/ZipFile$ZipEntryIterator done
Event: 16.373 Loading class java/util/zip/ZipInputStream
Event: 16.374 Loading class java/util/zip/ZipInputStream done
Event: 16.748 Loading class java/io/UTFDataFormatException
Event: 16.748 Loading class java/io/UTFDataFormatException done

Classes unloaded (0 events):
No events

Classes redefined (0 events):
No events

Internal exceptions (20 events):
Event: 16.769 Thread 0x0000019e5c6ae2a0 Exception <a 'sun/nio/fs/WindowsException'{0x0000000092019938}> (0x0000000092019938) 
thrown [s\src\hotspot\share\prims\jni.cpp, line 537]
Event: 16.769 Thread 0x0000019e5c6ae2a0 Exception <a 'sun/nio/fs/WindowsException'{0x0000000091fc3740}> (0x0000000091fc3740) 
thrown [s\src\hotspot\share\prims\jni.cpp, line 537]
Event: 16.770 Thread 0x0000019e5c6ae2a0 Exception <a 'sun/nio/fs/WindowsException'{0x0000000091fcd408}> (0x0000000091fcd408) 
thrown [s\src\hotspot\share\prims\jni.cpp, line 537]
Event: 16.771 Thread 0x0000019e5c6ae2a0 Exception <a 'sun/nio/fs/WindowsException'{0x0000000091df44e8}> (0x0000000091df44e8) 
thrown [s\src\hotspot\share\prims\jni.cpp, line 537]
Event: 16.772 Thread 0x0000019e5c6ae2a0 Exception <a 'sun/nio/fs/WindowsException'{0x0000000091dff270}> (0x0000000091dff270) 
thrown [s\src\hotspot\share\prims\jni.cpp, line 537]
Event: 16.772 Thread 0x0000019e5c6ae2a0 Exception <a 'sun/nio/fs/WindowsException'{0x0000000091ca1d90}> (0x0000000091ca1d90) 
thrown [s\src\hotspot\share\prims\jni.cpp, line 537]
Event: 16.773 Thread 0x0000019e5c6ae2a0 Exception <a 'sun/nio/fs/WindowsException'{0x0000000091cab440}> (0x0000000091cab440) 
thrown [s\src\hotspot\share\prims\jni.cpp, line 537]
Event: 16.774 Thread 0x0000019e5c6ae2a0 Exception <a 'sun/nio/fs/WindowsException'{0x0000000091bf4890}> (0x0000000091bf4890) 
thrown [s\src\hotspot\share\prims\jni.cpp, line 537]
Event: 16.774 Thread 0x0000019e5c6ae2a0 Exception <a 'sun/nio/fs/WindowsException'{0x0000000091bfe850}> (0x0000000091bfe850) 
thrown [s\src\hotspot\share\prims\jni.cpp, line 537]
Event: 16.775 Thread 0x0000019e5c6ae2a0 Exception <a 'sun/nio/fs/WindowsException'{0x0000000091a91fb8}> (0x0000000091a91fb8) 
thrown [s\src\hotspot\share\prims\jni.cpp, line 537]
Event: 16.776 Thread 0x0000019e5c6ae2a0 Exception <a 'sun/nio/fs/WindowsException'{0x0000000091a9d550}> (0x0000000091a9d550) 
thrown [s\src\hotspot\share\prims\jni.cpp, line 537]
Event: 16.777 Thread 0x0000019e5c6ae2a0 Exception <a 'sun/nio/fs/WindowsException'{0x00000000919d39c8}> (0x00000000919d39c8) 
thrown [s\src\hotspot\share\prims\jni.cpp, line 537]
Event: 16.778 Thread 0x0000019e5c6ae2a0 Exception <a 'sun/nio/fs/WindowsException'{0x00000000919dc5a0}> (0x00000000919dc5a0) 
thrown [s\src\hotspot\share\prims\jni.cpp, line 537]
Event: 16.779 Thread 0x0000019e5c6ae2a0 Exception <a 'sun/nio/fs/WindowsException'{0x0000000091623c00}> (0x0000000091623c00) 
thrown [s\src\hotspot\share\prims\jni.cpp, line 537]
Event: 16.780 Thread 0x0000019e5c6ae2a0 Exception <a 'sun/nio/fs/WindowsException'{0x000000009162c0e0}> (0x000000009162c0e0) 
thrown [s\src\hotspot\share\prims\jni.cpp, line 537]
Event: 16.780 Thread 0x0000019e5c6ae2a0 Exception <a 'sun/nio/fs/WindowsException'{0x00000000916344b8}> (0x00000000916344b8) 
thrown [s\src\hotspot\share\prims\jni.cpp, line 537]
Event: 16.781 Thread 0x0000019e5c6ae2a0 Exception <a 'sun/nio/fs/WindowsException'{0x000000009158abf8}> (0x000000009158abf8) 
thrown [s\src\hotspot\share\prims\jni.cpp, line 537]
Event: 16.781 Thread 0x0000019e5c6ae2a0 Exception <a 'sun/nio/fs/WindowsException'{0x0000000091593048}> (0x0000000091593048) 
thrown [s\src\hotspot\share\prims\jni.cpp, line 537]
Event: 16.782 Thread 0x0000019e5c6ae2a0 Exception <a 'sun/nio/fs/WindowsException'{0x000000009159ba08}> (0x000000009159ba08) 
thrown [s\src\hotspot\share\prims\jni.cpp, line 537]
Event: 16.783 Thread 0x0000019e5c6b0370 Exception <a 'sun/nio/fs/WindowsException'{0x0000000091859068}> (0x0000000091859068) 
thrown [s\src\hotspot\share\prims\jni.cpp, line 537]

ZGC Phase Switch (0 events):
No events

VM Operations (20 events):
Event: 16.310 Executing safepoint VM operation: G1TryInitiateConcMark (G1 Humongous Allocation)
Event: 16.316 Executing safepoint VM operation: G1TryInitiateConcMark (G1 Humongous Allocation) done
Event: 16.384 Executing safepoint VM operation: G1PauseRemark
Event: 16.390 Executing safepoint VM operation: G1PauseRemark done
Event: 16.420 Executing safepoint VM operation: G1PauseCleanup
Event: 16.421 Executing safepoint VM operation: G1PauseCleanup done
Event: 16.481 Executing safepoint VM operation: G1CollectForAllocation (G1 Evacuation Pause)
Event: 16.485 Executing safepoint VM operation: G1CollectForAllocation (G1 Evacuation Pause) done
Event: 16.558 Executing safepoint VM operation: G1CollectForAllocation (G1 Evacuation Pause)
Event: 16.564 Executing safepoint VM operation: G1CollectForAllocation (G1 Evacuation Pause) done
Event: 16.614 Executing safepoint VM operation: G1CollectForAllocation (G1 Evacuation Pause)
Event: 16.614 Executing safepoint VM operation: G1CollectForAllocation (G1 Evacuation Pause) done
Event: 16.615 Executing safepoint VM operation: G1CollectForAllocation (GCLocker Initiated GC)
Event: 16.620 Executing safepoint VM operation: G1CollectForAllocation (GCLocker Initiated GC) done
Event: 16.697 Executing safepoint VM operation: G1PauseRemark
Event: 16.702 Executing safepoint VM operation: G1PauseRemark done
Event: 16.735 Executing safepoint VM operation: G1PauseCleanup
Event: 16.735 Executing safepoint VM operation: G1PauseCleanup done
Event: 16.757 Executing safepoint VM operation: G1CollectForAllocation (G1 Evacuation Pause)
Event: 16.763 Executing safepoint VM operation: G1CollectForAllocation (G1 Evacuation Pause) done

Memory protections (0 events):
No events

Nmethod flushes (20 events):
Event: 16.701 Thread 0x0000019e4ecbd340 flushing  nmethod 0x0000019e3a5a8510
Event: 16.701 Thread 0x0000019e4ecbd340 flushing  nmethod 0x0000019e3ab01d10
Event: 16.701 Thread 0x0000019e4ecbd340 flushing  nmethod 0x0000019e3ab02090
Event: 16.701 Thread 0x0000019e4ecbd340 flushing  nmethod 0x0000019e3ab2e410
Event: 16.701 Thread 0x0000019e4ecbd340 flushing  nmethod 0x0000019e3ab2f090
Event: 16.701 Thread 0x0000019e4ecbd340 flushing  nmethod 0x0000019e3ab8f610
Event: 16.701 Thread 0x0000019e4ecbd340 flushing  nmethod 0x0000019e3ab90310
Event: 16.701 Thread 0x0000019e4ecbd340 flushing  nmethod 0x0000019e3ab91710
Event: 16.701 Thread 0x0000019e4ecbd340 flushing  nmethod 0x0000019e3acc0010
Event: 16.701 Thread 0x0000019e4ecbd340 flushing  nmethod 0x0000019e3acc0a90
Event: 16.701 Thread 0x0000019e4ecbd340 flushing  nmethod 0x0000019e3acc0f10
Event: 16.701 Thread 0x0000019e4ecbd340 flushing  nmethod 0x0000019e3acc1c10
Event: 16.701 Thread 0x0000019e4ecbd340 flushing  nmethod 0x0000019e3acc5510
Event: 16.701 Thread 0x0000019e4ecbd340 flushing  nmethod 0x0000019e3acc5910
Event: 16.701 Thread 0x0000019e4ecbd340 flushing  nmethod 0x0000019e3ae1e010
Event: 16.701 Thread 0x0000019e4ecbd340 flushing  nmethod 0x0000019e3ae82c90
Event: 16.701 Thread 0x0000019e4ecbd340 flushing  nmethod 0x0000019e3aee2510
Event: 16.701 Thread 0x0000019e4ecbd340 flushing  nmethod 0x0000019e3af85c90
Event: 16.701 Thread 0x0000019e4ecbd340 flushing  nmethod 0x0000019e3b6fa490
Event: 16.701 Thread 0x0000019e4ecbd340 flushing  nmethod 0x0000019e3b772c10

Events (20 events):
Event: 10.000 Thread 0x0000019e4f161540 Thread exited: 0x0000019e4f161540
Event: 10.000 Thread 0x0000019e4f161c10 Thread exited: 0x0000019e4f161c10
Event: 10.135 Thread 0x0000019e4ed628a0 Thread added: 0x0000019e4f161540
Event: 10.329 Thread 0x0000019e4ed628a0 Thread added: 0x0000019e4f161c10
Event: 11.510 Thread 0x0000019e4f161c10 Thread exited: 0x0000019e4f161c10
Event: 11.841 Thread 0x0000019e4ed628a0 Thread added: 0x0000019e5a8f6f20
Event: 14.050 Thread 0x0000019e59bc7390 Thread added: 0x0000019e64305d60
Event: 14.058 Thread 0x0000019e64305d60 Thread added: 0x0000019e643063f0
Event: 14.058 Thread 0x0000019e64305d60 Thread added: 0x0000019e64302f70
Event: 14.058 Thread 0x0000019e64305d60 Thread added: 0x0000019e64306a80
Event: 14.059 Thread 0x0000019e64305d60 Thread added: 0x0000019e64303600
Event: 14.059 Thread 0x0000019e64305d60 Thread added: 0x0000019e64307110
Event: 14.059 Thread 0x0000019e64305d60 Thread added: 0x0000019e64303c90
Event: 14.059 Thread 0x0000019e64305d60 Thread added: 0x0000019e64305040
Event: 14.059 Thread 0x0000019e64305d60 Thread added: 0x0000019e643077a0
Event: 14.059 Thread 0x0000019e64305d60 Thread added: 0x0000019e64307e30
Event: 14.059 Thread 0x0000019e64305d60 Thread added: 0x0000019e643049b0
Event: 14.059 Thread 0x0000019e64305d60 Thread added: 0x0000019e64309870
Event: 14.076 Thread 0x0000019e64305d60 Thread added: 0x0000019e64309f00
Event: 15.802 Thread 0x0000019e64303c90 Thread added: 0x0000019e5ba239c0


Dynamic libraries:
0x00007ff74d220000 - 0x00007ff74d22a000 	D:\Yeni klasör\jbr\bin\java.exe
0x00007ffe6c140000 - 0x00007ffe6c3a7000 	C:\WINDOWS\SYSTEM32\ntdll.dll
0x00007ffe6b4d0000 - 0x00007ffe6b599000 	C:\WINDOWS\System32\KERNEL32.DLL
0x00007ffe68a10000 - 0x00007ffe68e04000 	C:\WINDOWS\System32\KERNELBASE.dll
0x00007ffe69350000 - 0x00007ffe6949b000 	C:\WINDOWS\System32\ucrtbase.dll
0x00007ffe64ec0000 - 0x00007ffe64edb000 	D:\Yeni klasör\jbr\bin\VCRUNTIME140.dll
0x00007ffe4c290000 - 0x00007ffe4c2a8000 	D:\Yeni klasör\jbr\bin\jli.dll
0x00007ffe6aa10000 - 0x00007ffe6abd5000 	C:\WINDOWS\System32\USER32.dll
0x00007ffe69260000 - 0x00007ffe69287000 	C:\WINDOWS\System32\win32u.dll
0x00007ffe56e50000 - 0x00007ffe570e3000 	C:\WINDOWS\WinSxS\amd64_microsoft.windows.common-controls_6595b64144ccf1df_6.0.26100.8115_none_3e075c82e3354f9c\COMCTL32.dll
0x00007ffe6b5a0000 - 0x00007ffe6b5cb000 	C:\WINDOWS\System32\GDI32.dll
0x00007ffe6a710000 - 0x00007ffe6a7b9000 	C:\WINDOWS\System32\msvcrt.dll
0x00007ffe69530000 - 0x00007ffe6965b000 	C:\WINDOWS\System32\gdi32full.dll
0x00007ffe69100000 - 0x00007ffe691a3000 	C:\WINDOWS\System32\msvcp_win.dll
0x00007ffe6a8f0000 - 0x00007ffe6a922000 	C:\WINDOWS\System32\IMM32.DLL
0x00007ffe64f40000 - 0x00007ffe64f4c000 	D:\Yeni klasör\jbr\bin\vcruntime140_1.dll
0x00007ffe03320000 - 0x00007ffe033ad000 	D:\Yeni klasör\jbr\bin\msvcp140.dll
0x00007ffdb1db0000 - 0x00007ffdb2a46000 	D:\Yeni klasör\jbr\bin\server\jvm.dll
0x00007ffe6a650000 - 0x00007ffe6a706000 	C:\WINDOWS\System32\ADVAPI32.dll
0x00007ffe6a7c0000 - 0x00007ffe6a867000 	C:\WINDOWS\System32\sechost.dll
0x00007ffe6b2d0000 - 0x00007ffe6b3e8000 	C:\WINDOWS\System32\RPCRT4.dll
0x00007ffe6c070000 - 0x00007ffe6c0f0000 	C:\WINDOWS\System32\WS2_32.dll
0x00007ffe68890000 - 0x00007ffe688ee000 	C:\WINDOWS\SYSTEM32\POWRPROF.dll
0x00007ffe66630000 - 0x00007ffe66666000 	C:\WINDOWS\SYSTEM32\WINMM.dll
0x00007ffe622d0000 - 0x00007ffe622db000 	C:\WINDOWS\SYSTEM32\VERSION.dll
0x00007ffe68870000 - 0x00007ffe68884000 	C:\WINDOWS\SYSTEM32\UMPDC.dll
0x00007ffe677a0000 - 0x00007ffe677bb000 	C:\WINDOWS\SYSTEM32\kernel.appcore.dll
0x00007ffe63980000 - 0x00007ffe6398a000 	D:\Yeni klasör\jbr\bin\jimage.dll
0x00007ffe66bd0000 - 0x00007ffe66e12000 	C:\WINDOWS\SYSTEM32\DBGHELP.DLL
0x00007ffe6bbc0000 - 0x00007ffe6bf42000 	C:\WINDOWS\System32\combase.dll
0x00007ffe6b3f0000 - 0x00007ffe6b4c8000 	C:\WINDOWS\System32\OLEAUT32.dll
0x00007ffe45a90000 - 0x00007ffe45acb000 	C:\WINDOWS\SYSTEM32\dbgcore.DLL
0x00007ffe691b0000 - 0x00007ffe69255000 	C:\WINDOWS\System32\bcryptPrimitives.dll
0x00007ffe440b0000 - 0x00007ffe440be000 	D:\Yeni klasör\jbr\bin\instrument.dll
0x00007ffe3e480000 - 0x00007ffe3e4a0000 	D:\Yeni klasör\jbr\bin\java.dll
0x00007ffe1b540000 - 0x00007ffe1b558000 	D:\Yeni klasör\jbr\bin\zip.dll
0x00007ffe69ee0000 - 0x00007ffe6a647000 	C:\WINDOWS\System32\SHELL32.dll
0x00007ffe68f90000 - 0x00007ffe690fa000 	C:\WINDOWS\System32\wintypes.dll
0x00007ffe69660000 - 0x00007ffe69ec8000 	C:\WINDOWS\System32\windows.storage.dll
0x00007ffe6b600000 - 0x00007ffe6b6f8000 	C:\WINDOWS\System32\SHCORE.dll
0x00007ffe6a930000 - 0x00007ffe6a996000 	C:\WINDOWS\System32\shlwapi.dll
0x00007ffe68930000 - 0x00007ffe68959000 	C:\WINDOWS\SYSTEM32\profapi.dll
0x00007ffe61620000 - 0x00007ffe61630000 	D:\Yeni klasör\jbr\bin\net.dll
0x00007ffe61f50000 - 0x00007ffe6207d000 	C:\WINDOWS\SYSTEM32\WINHTTP.dll
0x00007ffe67d10000 - 0x00007ffe67d7c000 	C:\WINDOWS\system32\mswsock.dll
0x00007ffe1b520000 - 0x00007ffe1b536000 	D:\Yeni klasör\jbr\bin\nio.dll
0x00007ffe3e590000 - 0x00007ffe3e5a0000 	D:\Yeni klasör\jbr\bin\verify.dll
0x00007ffe34110000 - 0x00007ffe34137000 	C:\Users\birka\.gradle\native\660c5614fbf4a5f2a75b1949f50a0caf5cd603558e7d8a26e50b933a0cfb79d1\windows-amd64\native-platform.dll
0x00007ffda8270000 - 0x00007ffda82e7000 	C:\Users\birka\.gradle\native\0.2.8\x86_64-windows-gnu\gradle-fileevents.dll
0x00007ffe44f30000 - 0x00007ffe44f39000 	D:\Yeni klasör\jbr\bin\management.dll
0x00007ffe44e20000 - 0x00007ffe44e2b000 	D:\Yeni klasör\jbr\bin\management_ext.dll
0x00007ffe6aa00000 - 0x00007ffe6aa08000 	C:\WINDOWS\System32\PSAPI.DLL
0x00007ffe671a0000 - 0x00007ffe671d2000 	C:\WINDOWS\SYSTEM32\IPHLPAPI.DLL
0x00007ffe6b2c0000 - 0x00007ffe6b2ca000 	C:\WINDOWS\System32\NSI.dll
0x00007ffe4bb50000 - 0x00007ffe4bb59000 	D:\Yeni klasör\jbr\bin\extnet.dll
0x00007ffe67ff0000 - 0x00007ffe6800b000 	C:\WINDOWS\SYSTEM32\CRYPTSP.dll
0x00007ffe67700000 - 0x00007ffe67739000 	C:\WINDOWS\system32\rsaenh.dll
0x00007ffe67dc0000 - 0x00007ffe67df3000 	C:\WINDOWS\SYSTEM32\USERENV.dll
0x00007ffe68900000 - 0x00007ffe6892a000 	C:\WINDOWS\SYSTEM32\bcrypt.dll
0x00007ffe68010000 - 0x00007ffe6801c000 	C:\WINDOWS\SYSTEM32\CRYPTBASE.dll
0x00007ffe61a40000 - 0x00007ffe61a48000 	C:\WINDOWS\system32\wshunix.dll

JVMTI agents:
C:\Users\birka\.gradle\wrapper\dists\gradle-9.4.1-bin\arn2x92ynaizyzdaamcbpbhtj\gradle-9.4.1\lib\agents\gradle-instrumentation-agent-9.4.1.jar path:D:\Yeni klasör\jbr\bin\instrument.dll, loaded, initialized, instrumentlib options:none

dbghelp: loaded successfully - version: 4.0.5 - missing functions: none
symbol engine: initialized successfully - sym options: 0x614 - pdb path: .;D:\Yeni klasör\jbr\bin;C:\WINDOWS\SYSTEM32;C:\WINDOWS\WinSxS\amd64_microsoft.windows.common-controls_6595b64144ccf1df_6.0.26100.8115_none_3e075c82e3354f9c;D:\Yeni klasör\jbr\bin\server;C:\Users\birka\.gradle\native\660c5614fbf4a5f2a75b1949f50a0caf5cd603558e7d8a26e50b933a0cfb79d1\windows-amd64;C:\Users\birka\.gradle\native\0.2.8\x86_64-windows-gnu

VM Arguments:
jvm_args: --add-opens=java.base/java.lang=ALL-UNNAMED --add-opens=java.base/java.lang.invoke=ALL-UNNAMED --add-opens=java.base/java.util=ALL-UNNAMED --add-opens=java.prefs/java.util.prefs=ALL-UNNAMED --add-exports=jdk.compiler/com.sun.tools.javac.api=ALL-UNNAMED --add-exports=jdk.compiler/com.sun.tools.javac.util=ALL-UNNAMED --add-opens=java.base/java.util=ALL-UNNAMED --add-opens=java.prefs/java.util.prefs=ALL-UNNAMED --add-opens=java.base/java.nio.charset=ALL-UNNAMED --add-opens=java.base/java.net=ALL-UNNAMED --add-opens=java.base/java.util.concurrent=ALL-UNNAMED --add-opens=java.base/java.util.concurrent.atomic=ALL-UNNAMED --add-opens=java.xml/javax.xml.namespace=ALL-UNNAMED --add-opens=java.base/java.time=ALL-UNNAMED -Xmx2048m -Dfile.encoding=UTF-8 -Duser.country=TR -Duser.language=tr -Duser.variant -javaagent:C:\Users\birka\.gradle\wrapper\dists\gradle-9.4.1-bin\arn2x92ynaizyzdaamcbpbhtj\gradle-9.4.1\lib\agents\gradle-instrumentation-agent-9.4.1.jar 
java_command: org.gradle.launcher.daemon.bootstrap.GradleDaemon 9.4.1
java_class_path (initial): C:\Users\birka\.gradle\wrapper\dists\gradle-9.4.1-bin\arn2x92ynaizyzdaamcbpbhtj\gradle-9.4.1\lib\gradle-daemon-main-9.4.1.jar
Launcher Type: SUN_STANDARD

[Global flags]
     intx CICompilerCount                          = 4                                         {product} {ergonomic}
     uint ConcGCThreads                            = 3                                         {product} {ergonomic}
     uint G1ConcRefinementThreads                  = 10                                        {product} {ergonomic}
   size_t G1HeapRegionSize                         = 1048576                                   {product} {ergonomic}
    uintx GCDrainStackTargetSize                   = 64                                        {product} {ergonomic}
   size_t InitialHeapSize                          = 257949696                                 {product} {ergonomic}
   size_t MarkStackSize                            = 4194304                                   {product} {ergonomic}
   size_t MaxHeapSize                              = 2147483648                                {product} {command line}
   size_t MaxNewSize                               = 1287651328                                {product} {ergonomic}
   size_t MinHeapDeltaBytes                        = 1048576                                   {product} {ergonomic}
   size_t MinHeapSize                              = 8388608                                   {product} {ergonomic}
    uintx NonNMethodCodeHeapSize                   = 5839372                                {pd product} {ergonomic}
    uintx NonProfiledCodeHeapSize                  = 122909434                              {pd product} {ergonomic}
    uintx ProfiledCodeHeapSize                     = 122909434                              {pd product} {ergonomic}
    uintx ReservedCodeCacheSize                    = 251658240                              {pd product} {ergonomic}
     bool SegmentedCodeCache                       = true                                      {product} {ergonomic}
   size_t SoftMaxHeapSize                          = 2147483648                             {manageable} {ergonomic}
     bool UseCompressedOops                        = true                           {product lp64_product} {ergonomic}
     bool UseG1GC                                  = true                                      {product} {ergonomic}
     bool UseLargePagesIndividualAllocation        = false                                  {pd product} {ergonomic}

Logging:
Log output configuration:
 #0: stdout all=warning uptime,level,tags foldmultilines=false
 #1: stderr all=off uptime,level,tags foldmultilines=false

Release file:
JAVA_VERSION="21.0.10" 
MODULES="java.base java.compiler java.datatransfer java.xml java.prefs java.desktop java.instrument java.logging java.management java.security.sasl java.naming java.rmi java.management.rmi java.net.http java.scripting java.security.jgss java.transaction.xa java.sql java.sql.rowset java.xml.crypto java.se java.smartcardio jdk.accessibility jdk.internal.jvmstat jdk.attach jdk.charsets jdk.internal.opt jdk.zipfs jdk.compiler jdk.crypto.ec jdk.crypto.cryptoki jdk.dynalink jdk.hotspot.agent jdk.httpserver jdk.internal.ed jdk.internal.le jdk.internal.vm.ci jdk.jartool jdk.javadoc jdk.jcmd jdk.jdeps jdk.jdwp.agent jdk.jdi jdk.jfr jdk.jlink jdk.jsobject jdk.localedata jdk.management jdk.management.agent jdk.management.jfr jdk.naming.dns jdk.naming.rmi jdk.net jdk.sctp jdk.security.auth jdk.security.jgss jdk.unsupported jdk.unsupported.desktop jdk.xml.dom" 
IMPLEMENTOR="JetBrains s.r.o." 
JAVA_RUNTIME_VERSION="21.0.10+-14961533-b1163.108" 
LIBC="default" 
OS_ARCH="x86_64" 
OS_NAME="Windows" 
SOURCE=".:git:1351622c2ff2" 

Environment Variables:
PATH=C:\WINDOWS\system32;C:\WINDOWS;C:\WINDOWS\System32\Wbem;C:\WINDOWS\System32\WindowsPowerShell\v1.0\;C:\WINDOWS\System32\OpenSSH\;C:\Program Files\Java\jdk-20\bin;C:\Users\birka\AppData\Local\Microsoft\WindowsApps;C:\Users\birka\AppData\Local\Android\Sdk\platform-tools;
USERNAME=birka
OS=Windows_NT
PROCESSOR_IDENTIFIER=AMD64 Family 25 Model 80 Stepping 0, AuthenticAMD
TMP=C:\Users\birka\AppData\Local\Temp
TEMP=C:\Users\birka\AppData\Local\Temp




Periodic native trim disabled

JNI global refs:
JNI global refs: 29, weak refs: 0

JNI global refs memory usage: 835, weak refs: 833

Process memory usage:
Resident Set Size: 685744K (4% of 16101436K total physical memory with 1334644K free physical memory)

OOME stack traces (most recent first):
Classloader memory used:
